[0.160s] DEBUG:colcon:Command line arguments: ['/usr/bin/colcon', 'build', '--packages-select', 'new_bot', '--cmake-clean-first']
[0.160s] DEBUG:colcon:Parsed command line arguments: Namespace(log_base=None, log_level=None, verb_name='build', build_base='build', install_base='install', merge_install=False, symlink_install=False, test_result_base=None, continue_on_error=False, executor='parallel', parallel_workers=4, event_handlers=None, ignore_user_meta=False, metas=['./colcon.meta'], base_paths=['.'], packages_ignore=None, packages_ignore_regex=None, paths=None, packages_up_to=None, packages_up_to_regex=None, packages_above=None, packages_above_and_dependencies=None, packages_above_depth=None, packages_select_by_dep=None, packages_skip_by_dep=None, packages_skip_up_to=None, packages_select_build_failed=False, packages_skip_build_finished=False, packages_select_test_failures=False, packages_skip_test_passed=False, packages_select=['new_bot'], packages_skip=None, packages_select_regex=None, packages_skip_regex=None, packages_start=None, packages_end=None, allow_overriding=[], cmake_args=None, cmake_target=None, cmake_target_skip_unavailable=False, cmake_clean_cache=False, cmake_clean_first=True, cmake_force_configure=False, ament_cmake_args=None, catkin_cmake_args=None, catkin_skip_building_tests=False, mixin_files=None, mixin=None, verb_parser=<colcon_mixin.mixin.mixin_argument.MixinArgumentDecorator object at 0xffffb7a11910>, verb_extension=<colcon_core.verb.build.BuildVerb object at 0xffffb7bb15b0>, main=<bound method BuildVerb.main of <colcon_core.verb.build.BuildVerb object at 0xffffb7bb15b0>>, mixin_verb=('build',))
[0.216s] Level 1:colcon.colcon_core.package_discovery:discover_packages(colcon_meta) check parameters
[0.217s] Level 1:colcon.colcon_core.package_discovery:discover_packages(recursive) check parameters
[0.217s] Level 1:colcon.colcon_core.package_discovery:discover_packages(ignore) check parameters
[0.217s] Level 1:colcon.colcon_core.package_discovery:discover_packages(path) check parameters
[0.217s] Level 1:colcon.colcon_core.package_discovery:discover_packages(colcon_meta) discover
[0.217s] Level 1:colcon.colcon_core.package_discovery:discover_packages(recursive) discover
[0.217s] INFO:colcon.colcon_core.package_discovery:Crawling recursively for packages in '/home/fe25/pranav_bot_ros2_jazzy'
[0.217s] Level 1:colcon.colcon_core.package_identification:_identify(.) by extensions ['ignore', 'ignore_ament_install']
[0.217s] Level 1:colcon.colcon_core.package_identification:_identify(.) by extension 'ignore'
[0.217s] Level 1:colcon.colcon_core.package_identification:_identify(.) by extension 'ignore_ament_install'
[0.217s] Level 1:colcon.colcon_core.package_identification:_identify(.) by extensions ['colcon_pkg']
[0.217s] Level 1:colcon.colcon_core.package_identification:_identify(.) by extension 'colcon_pkg'
[0.217s] Level 1:colcon.colcon_core.package_identification:_identify(.) by extensions ['colcon_meta']
[0.217s] Level 1:colcon.colcon_core.package_identification:_identify(.) by extension 'colcon_meta'
[0.217s] Level 1:colcon.colcon_core.package_identification:_identify(.) by extensions ['ros']
[0.218s] Level 1:colcon.colcon_core.package_identification:_identify(.) by extension 'ros'
[0.260s] Level 1:colcon.colcon_core.package_identification:_identify(.) by extensions ['cmake', 'python']
[0.260s] Level 1:colcon.colcon_core.package_identification:_identify(.) by extension 'cmake'
[0.260s] Level 1:colcon.colcon_core.package_identification:_identify(.) by extension 'python'
[0.260s] Level 1:colcon.colcon_core.package_identification:_identify(.) by extensions ['python_setup_py']
[0.260s] Level 1:colcon.colcon_core.package_identification:_identify(.) by extension 'python_setup_py'
[0.261s] Level 1:colcon.colcon_core.package_identification:_identify(build) by extensions ['ignore', 'ignore_ament_install']
[0.261s] Level 1:colcon.colcon_core.package_identification:_identify(build) by extension 'ignore'
[0.261s] Level 1:colcon.colcon_core.package_identification:_identify(build) ignored
[0.261s] Level 1:colcon.colcon_core.package_identification:_identify(install) by extensions ['ignore', 'ignore_ament_install']
[0.261s] Level 1:colcon.colcon_core.package_identification:_identify(install) by extension 'ignore'
[0.261s] Level 1:colcon.colcon_core.package_identification:_identify(install) ignored
[0.261s] Level 1:colcon.colcon_core.package_identification:_identify(log) by extensions ['ignore', 'ignore_ament_install']
[0.261s] Level 1:colcon.colcon_core.package_identification:_identify(log) by extension 'ignore'
[0.261s] Level 1:colcon.colcon_core.package_identification:_identify(log) ignored
[0.261s] Level 1:colcon.colcon_core.package_identification:_identify(src) by extensions ['ignore', 'ignore_ament_install']
[0.262s] Level 1:colcon.colcon_core.package_identification:_identify(src) by extension 'ignore'
[0.262s] Level 1:colcon.colcon_core.package_identification:_identify(src) by extension 'ignore_ament_install'
[0.262s] Level 1:colcon.colcon_core.package_identification:_identify(src) by extensions ['colcon_pkg']
[0.262s] Level 1:colcon.colcon_core.package_identification:_identify(src) by extension 'colcon_pkg'
[0.262s] Level 1:colcon.colcon_core.package_identification:_identify(src) by extensions ['colcon_meta']
[0.262s] Level 1:colcon.colcon_core.package_identification:_identify(src) by extension 'colcon_meta'
[0.262s] Level 1:colcon.colcon_core.package_identification:_identify(src) by extensions ['ros']
[0.262s] Level 1:colcon.colcon_core.package_identification:_identify(src) by extension 'ros'
[0.262s] Level 1:colcon.colcon_core.package_identification:_identify(src) by extensions ['cmake', 'python']
[0.262s] Level 1:colcon.colcon_core.package_identification:_identify(src) by extension 'cmake'
[0.262s] Level 1:colcon.colcon_core.package_identification:_identify(src) by extension 'python'
[0.262s] Level 1:colcon.colcon_core.package_identification:_identify(src) by extensions ['python_setup_py']
[0.262s] Level 1:colcon.colcon_core.package_identification:_identify(src) by extension 'python_setup_py'
[0.262s] Level 1:colcon.colcon_core.package_identification:_identify(src/new_bot) by extensions ['ignore', 'ignore_ament_install']
[0.262s] Level 1:colcon.colcon_core.package_identification:_identify(src/new_bot) by extension 'ignore'
[0.262s] Level 1:colcon.colcon_core.package_identification:_identify(src/new_bot) by extension 'ignore_ament_install'
[0.262s] Level 1:colcon.colcon_core.package_identification:_identify(src/new_bot) by extensions ['colcon_pkg']
[0.262s] Level 1:colcon.colcon_core.package_identification:_identify(src/new_bot) by extension 'colcon_pkg'
[0.263s] Level 1:colcon.colcon_core.package_identification:_identify(src/new_bot) by extensions ['colcon_meta']
[0.263s] Level 1:colcon.colcon_core.package_identification:_identify(src/new_bot) by extension 'colcon_meta'
[0.263s] Level 1:colcon.colcon_core.package_identification:_identify(src/new_bot) by extensions ['ros']
[0.263s] Level 1:colcon.colcon_core.package_identification:_identify(src/new_bot) by extension 'ros'
[0.267s] DEBUG:colcon.colcon_core.package_identification:Package 'src/new_bot' with type 'ros.ament_cmake' and name 'new_bot'
[0.268s] Level 1:colcon.colcon_core.package_discovery:discover_packages(recursive) using defaults
[0.268s] Level 1:colcon.colcon_core.package_discovery:discover_packages(ignore) discover
[0.268s] Level 1:colcon.colcon_core.package_discovery:discover_packages(ignore) using defaults
[0.268s] Level 1:colcon.colcon_core.package_discovery:discover_packages(path) discover
[0.268s] Level 1:colcon.colcon_core.package_discovery:discover_packages(path) using defaults
[0.291s] Level 1:colcon.colcon_core.package_discovery:discover_packages(prefix_path) check parameters
[0.291s] Level 1:colcon.colcon_core.package_discovery:discover_packages(prefix_path) discover
[0.294s] DEBUG:colcon.colcon_installed_package_information.package_discovery:Found 1 installed packages in /home/fe25/pranav_bot_ros2_jazzy/install
[0.296s] DEBUG:colcon.colcon_installed_package_information.package_discovery:Found 383 installed packages in /opt/ros/jazzy
[0.299s] Level 1:colcon.colcon_core.package_discovery:discover_packages(prefix_path) using defaults
[0.372s] Level 5:colcon.colcon_core.verb:set package 'new_bot' build argument 'cmake_args' from command line to 'None'
[0.373s] Level 5:colcon.colcon_core.verb:set package 'new_bot' build argument 'cmake_target' from command line to 'None'
[0.373s] Level 5:colcon.colcon_core.verb:set package 'new_bot' build argument 'cmake_target_skip_unavailable' from command line to 'False'
[0.373s] Level 5:colcon.colcon_core.verb:set package 'new_bot' build argument 'cmake_clean_cache' from command line to 'False'
[0.373s] Level 5:colcon.colcon_core.verb:set package 'new_bot' build argument 'cmake_clean_first' from command line to 'True'
[0.373s] Level 5:colcon.colcon_core.verb:set package 'new_bot' build argument 'cmake_force_configure' from command line to 'False'
[0.373s] Level 5:colcon.colcon_core.verb:set package 'new_bot' build argument 'ament_cmake_args' from command line to 'None'
[0.373s] Level 5:colcon.colcon_core.verb:set package 'new_bot' build argument 'catkin_cmake_args' from command line to 'None'
[0.373s] Level 5:colcon.colcon_core.verb:set package 'new_bot' build argument 'catkin_skip_building_tests' from command line to 'False'
[0.373s] DEBUG:colcon.colcon_core.verb:Building package 'new_bot' with the following arguments: {'ament_cmake_args': None, 'build_base': '/home/fe25/pranav_bot_ros2_jazzy/build/new_bot', 'catkin_cmake_args': None, 'catkin_skip_building_tests': False, 'cmake_args': None, 'cmake_clean_cache': False, 'cmake_clean_first': True, 'cmake_force_configure': False, 'cmake_target': None, 'cmake_target_skip_unavailable': False, 'install_base': '/home/fe25/pranav_bot_ros2_jazzy/install/new_bot', 'merge_install': False, 'path': '/home/fe25/pranav_bot_ros2_jazzy/src/new_bot', 'symlink_install': False, 'test_result_base': None}
[0.373s] INFO:colcon.colcon_core.executor:Executing jobs using 'parallel' executor
[0.374s] DEBUG:colcon.colcon_parallel_executor.executor.parallel:run_until_complete
[0.375s] INFO:colcon.colcon_ros.task.ament_cmake.build:Building ROS package in '/home/fe25/pranav_bot_ros2_jazzy/src/new_bot' with build type 'ament_cmake'
[0.375s] INFO:colcon.colcon_cmake.task.cmake.build:Building CMake package in '/home/fe25/pranav_bot_ros2_jazzy/src/new_bot'
[0.377s] INFO:colcon.colcon_core.plugin_system:Skipping extension 'colcon_core.shell.bat': Not used on non-Windows systems
[0.378s] INFO:colcon.colcon_core.shell:Skip shell extension 'powershell' for command environment: Not usable outside of PowerShell
[0.378s] DEBUG:colcon.colcon_core.shell:Skip shell extension 'dsv' for command environment
[0.432s] DEBUG:colcon.colcon_core.event_handler.log_command:Invoking command in '/home/fe25/pranav_bot_ros2_jazzy/build/new_bot': CMAKE_PREFIX_PATH=${CMAKE_PREFIX_PATH}:/opt/ros/jazzy DEBUGINFOD_URLS=https://debuginfod.ubuntu.com /usr/bin/cmake --build /home/fe25/pranav_bot_ros2_jazzy/build/new_bot --clean-first -- -j4 -l4
[9.429s] DEBUG:colcon.colcon_core.event_handler.log_command:Invoked command in '/home/fe25/pranav_bot_ros2_jazzy/build/new_bot' returned '0': CMAKE_PREFIX_PATH=${CMAKE_PREFIX_PATH}:/opt/ros/jazzy DEBUGINFOD_URLS=https://debuginfod.ubuntu.com /usr/bin/cmake --build /home/fe25/pranav_bot_ros2_jazzy/build/new_bot --clean-first -- -j4 -l4
[9.450s] DEBUG:colcon.colcon_core.event_handler.log_command:Invoking command in '/home/fe25/pranav_bot_ros2_jazzy/build/new_bot': CMAKE_PREFIX_PATH=${CMAKE_PREFIX_PATH}:/opt/ros/jazzy DEBUGINFOD_URLS=https://debuginfod.ubuntu.com /usr/bin/cmake --install /home/fe25/pranav_bot_ros2_jazzy/build/new_bot
[9.501s] Level 1:colcon.colcon_core.environment:create_environment_scripts_only(new_bot)
[9.502s] DEBUG:colcon.colcon_core.event_handler.log_command:Invoked command in '/home/fe25/pranav_bot_ros2_jazzy/build/new_bot' returned '0': CMAKE_PREFIX_PATH=${CMAKE_PREFIX_PATH}:/opt/ros/jazzy DEBUGINFOD_URLS=https://debuginfod.ubuntu.com /usr/bin/cmake --install /home/fe25/pranav_bot_ros2_jazzy/build/new_bot
[9.505s] Level 1:colcon.colcon_core.environment:checking '/home/fe25/pranav_bot_ros2_jazzy/install/new_bot' for CMake module files
[9.505s] Level 1:colcon.colcon_core.environment:checking '/home/fe25/pranav_bot_ros2_jazzy/install/new_bot' for CMake config files
[9.506s] Level 1:colcon.colcon_core.shell:create_environment_hook('new_bot', 'cmake_prefix_path')
[9.506s] INFO:colcon.colcon_core.shell:Creating environment hook '/home/fe25/pranav_bot_ros2_jazzy/install/new_bot/share/new_bot/hook/cmake_prefix_path.ps1'
[9.507s] INFO:colcon.colcon_core.shell:Creating environment descriptor '/home/fe25/pranav_bot_ros2_jazzy/install/new_bot/share/new_bot/hook/cmake_prefix_path.dsv'
[9.508s] INFO:colcon.colcon_core.shell:Creating environment hook '/home/fe25/pranav_bot_ros2_jazzy/install/new_bot/share/new_bot/hook/cmake_prefix_path.sh'
[9.509s] Level 1:colcon.colcon_core.environment:checking '/home/fe25/pranav_bot_ros2_jazzy/install/new_bot/lib'
[9.509s] Level 1:colcon.colcon_core.shell:create_environment_hook('new_bot', 'ld_library_path_lib')
[9.510s] INFO:colcon.colcon_core.shell:Creating environment hook '/home/fe25/pranav_bot_ros2_jazzy/install/new_bot/share/new_bot/hook/ld_library_path_lib.ps1'
[9.510s] INFO:colcon.colcon_core.shell:Creating environment descriptor '/home/fe25/pranav_bot_ros2_jazzy/install/new_bot/share/new_bot/hook/ld_library_path_lib.dsv'
[9.511s] INFO:colcon.colcon_core.shell:Creating environment hook '/home/fe25/pranav_bot_ros2_jazzy/install/new_bot/share/new_bot/hook/ld_library_path_lib.sh'
[9.512s] Level 1:colcon.colcon_core.environment:checking '/home/fe25/pranav_bot_ros2_jazzy/install/new_bot/bin'
[9.512s] Level 1:colcon.colcon_core.environment:checking '/home/fe25/pranav_bot_ros2_jazzy/install/new_bot/lib/pkgconfig/new_bot.pc'
[9.512s] Level 1:colcon.colcon_core.environment:checking '/home/fe25/pranav_bot_ros2_jazzy/install/new_bot/lib/python3.12/site-packages'
[9.512s] Level 1:colcon.colcon_core.environment:checking '/home/fe25/pranav_bot_ros2_jazzy/install/new_bot/bin'
[9.513s] INFO:colcon.colcon_core.shell:Creating package script '/home/fe25/pranav_bot_ros2_jazzy/install/new_bot/share/new_bot/package.ps1'
[9.514s] INFO:colcon.colcon_core.shell:Creating package descriptor '/home/fe25/pranav_bot_ros2_jazzy/install/new_bot/share/new_bot/package.dsv'
[9.515s] INFO:colcon.colcon_core.shell:Creating package script '/home/fe25/pranav_bot_ros2_jazzy/install/new_bot/share/new_bot/package.sh'
[9.516s] INFO:colcon.colcon_core.shell:Creating package script '/home/fe25/pranav_bot_ros2_jazzy/install/new_bot/share/new_bot/package.bash'
[9.517s] INFO:colcon.colcon_core.shell:Creating package script '/home/fe25/pranav_bot_ros2_jazzy/install/new_bot/share/new_bot/package.zsh'
[9.518s] Level 1:colcon.colcon_core.environment:create_file_with_runtime_dependencies(/home/fe25/pranav_bot_ros2_jazzy/install/new_bot/share/colcon-core/packages/new_bot)
[9.520s] Level 1:colcon.colcon_core.environment:create_environment_scripts_only(new_bot)
[9.521s] Level 1:colcon.colcon_core.environment:checking '/home/fe25/pranav_bot_ros2_jazzy/install/new_bot' for CMake module files
[9.521s] Level 1:colcon.colcon_core.environment:checking '/home/fe25/pranav_bot_ros2_jazzy/install/new_bot' for CMake config files
[9.522s] Level 1:colcon.colcon_core.shell:create_environment_hook('new_bot', 'cmake_prefix_path')
[9.522s] INFO:colcon.colcon_core.shell:Creating environment hook '/home/fe25/pranav_bot_ros2_jazzy/install/new_bot/share/new_bot/hook/cmake_prefix_path.ps1'
[9.523s] INFO:colcon.colcon_core.shell:Creating environment descriptor '/home/fe25/pranav_bot_ros2_jazzy/install/new_bot/share/new_bot/hook/cmake_prefix_path.dsv'
[9.524s] INFO:colcon.colcon_core.shell:Creating environment hook '/home/fe25/pranav_bot_ros2_jazzy/install/new_bot/share/new_bot/hook/cmake_prefix_path.sh'
[9.525s] Level 1:colcon.colcon_core.environment:checking '/home/fe25/pranav_bot_ros2_jazzy/install/new_bot/lib'
[9.525s] Level 1:colcon.colcon_core.shell:create_environment_hook('new_bot', 'ld_library_path_lib')
[9.526s] INFO:colcon.colcon_core.shell:Creating environment hook '/home/fe25/pranav_bot_ros2_jazzy/install/new_bot/share/new_bot/hook/ld_library_path_lib.ps1'
[9.526s] INFO:colcon.colcon_core.shell:Creating environment descriptor '/home/fe25/pranav_bot_ros2_jazzy/install/new_bot/share/new_bot/hook/ld_library_path_lib.dsv'
[9.528s] INFO:colcon.colcon_core.shell:Creating environment hook '/home/fe25/pranav_bot_ros2_jazzy/install/new_bot/share/new_bot/hook/ld_library_path_lib.sh'
[9.529s] Level 1:colcon.colcon_core.environment:checking '/home/fe25/pranav_bot_ros2_jazzy/install/new_bot/bin'
[9.529s] Level 1:colcon.colcon_core.environment:checking '/home/fe25/pranav_bot_ros2_jazzy/install/new_bot/lib/pkgconfig/new_bot.pc'
[9.529s] Level 1:colcon.colcon_core.environment:checking '/home/fe25/pranav_bot_ros2_jazzy/install/new_bot/lib/python3.12/site-packages'
[9.530s] Level 1:colcon.colcon_core.environment:checking '/home/fe25/pranav_bot_ros2_jazzy/install/new_bot/bin'
[9.530s] INFO:colcon.colcon_core.shell:Creating package script '/home/fe25/pranav_bot_ros2_jazzy/install/new_bot/share/new_bot/package.ps1'
[9.531s] INFO:colcon.colcon_core.shell:Creating package descriptor '/home/fe25/pranav_bot_ros2_jazzy/install/new_bot/share/new_bot/package.dsv'
[9.532s] INFO:colcon.colcon_core.shell:Creating package script '/home/fe25/pranav_bot_ros2_jazzy/install/new_bot/share/new_bot/package.sh'
[9.534s] INFO:colcon.colcon_core.shell:Creating package script '/home/fe25/pranav_bot_ros2_jazzy/install/new_bot/share/new_bot/package.bash'
[9.535s] INFO:colcon.colcon_core.shell:Creating package script '/home/fe25/pranav_bot_ros2_jazzy/install/new_bot/share/new_bot/package.zsh'
[9.536s] Level 1:colcon.colcon_core.environment:create_file_with_runtime_dependencies(/home/fe25/pranav_bot_ros2_jazzy/install/new_bot/share/colcon-core/packages/new_bot)
[9.538s] DEBUG:colcon.colcon_parallel_executor.executor.parallel:closing loop
[9.538s] DEBUG:colcon.colcon_parallel_executor.executor.parallel:loop closed
[9.539s] DEBUG:colcon.colcon_parallel_executor.executor.parallel:run_until_complete finished with '0'
[9.539s] DEBUG:colcon.colcon_core.event_reactor:joining thread
[9.548s] INFO:colcon.colcon_core.plugin_system:Skipping extension 'colcon_notification.desktop_notification.terminal_notifier': Not used on non-Darwin systems
[9.548s] INFO:colcon.colcon_core.plugin_system:Skipping extension 'colcon_notification.desktop_notification.win32': Not used on non-Windows systems
[9.548s] INFO:colcon.colcon_notification.desktop_notification:Sending desktop notification using 'notify2'
[9.549s] DEBUG:colcon.colcon_notification.desktop_notification.notify2:Failed to initialize notify2: org.freedesktop.DBus.Error.ServiceUnknown: The name org.freedesktop.Notifications was not provided by any .service files
[9.550s] DEBUG:colcon.colcon_core.event_reactor:joined thread
[9.550s] INFO:colcon.colcon_core.shell:Creating prefix script '/home/fe25/pranav_bot_ros2_jazzy/install/local_setup.ps1'
[9.551s] INFO:colcon.colcon_core.shell:Creating prefix util module '/home/fe25/pranav_bot_ros2_jazzy/install/_local_setup_util_ps1.py'
[9.553s] INFO:colcon.colcon_core.shell:Creating prefix chain script '/home/fe25/pranav_bot_ros2_jazzy/install/setup.ps1'
[9.555s] INFO:colcon.colcon_core.shell:Creating prefix script '/home/fe25/pranav_bot_ros2_jazzy/install/local_setup.sh'
[9.555s] INFO:colcon.colcon_core.shell:Creating prefix util module '/home/fe25/pranav_bot_ros2_jazzy/install/_local_setup_util_sh.py'
[9.556s] INFO:colcon.colcon_core.shell:Creating prefix chain script '/home/fe25/pranav_bot_ros2_jazzy/install/setup.sh'
[9.558s] INFO:colcon.colcon_core.shell:Creating prefix script '/home/fe25/pranav_bot_ros2_jazzy/install/local_setup.bash'
[9.559s] INFO:colcon.colcon_core.shell:Creating prefix chain script '/home/fe25/pranav_bot_ros2_jazzy/install/setup.bash'
[9.560s] INFO:colcon.colcon_core.shell:Creating prefix script '/home/fe25/pranav_bot_ros2_jazzy/install/local_setup.zsh'
[9.562s] INFO:colcon.colcon_core.shell:Creating prefix chain script '/home/fe25/pranav_bot_ros2_jazzy/install/setup.zsh'
