[0.016s] Invoking command in '/home/fe25/pranav_bot_ros2_jazzy/build/new_bot': CMAKE_PREFIX_PATH=${CMAKE_PREFIX_PATH}:/opt/ros/jazzy DEBUGINFOD_URLS=https://debuginfod.ubuntu.com /usr/bin/cmake --build /home/fe25/pranav_bot_ros2_jazzy/build/new_bot -- -j4 -l4
[0.135s] [ 50%] [32mBuilding CXX object CMakeFiles/new_bot_hardware_interface.dir/src/rp2040_hardware_interface.cpp.o[0m
[4.065s] In file included from [01m[K/home/fe25/pranav_bot_ros2_jazzy/src/new_bot/src/rp2040_hardware_interface.cpp:1[m[K:
[4.066s] [01m[K/home/fe25/pranav_bot_ros2_jazzy/src/new_bot/include/new_bot/rp2040_hardware_interface.hpp:27:57:[m[K [01;35m[Kwarning: [m[Kextra ‘[01m[K;[m[K’ [[01;35m[K]8;;https://gcc.gnu.org/onlinedocs/gcc/Warning-Options.html#index-Wpedantic-Wpedantic]8;;[m[K]
[4.066s]    27 |   RCLCPP_SHARED_PTR_DEFINITIONS(RP2040HardwareInterface)[01;35m[K;[m[K
[4.066s]       |                                                         [01;35m[K^[m[K
[4.066s]       |                                                         [31m[K-[m[K
[8.186s] [100%] [32m[1mLinking CXX shared library libnew_bot_hardware_interface.so[0m
[8.772s] [100%] Built target new_bot_hardware_interface
[8.796s] Invoked command in '/home/fe25/pranav_bot_ros2_jazzy/build/new_bot' returned '0': CMAKE_PREFIX_PATH=${CMAKE_PREFIX_PATH}:/opt/ros/jazzy DEBUGINFOD_URLS=https://debuginfod.ubuntu.com /usr/bin/cmake --build /home/fe25/pranav_bot_ros2_jazzy/build/new_bot -- -j4 -l4
[8.817s] Invoking command in '/home/fe25/pranav_bot_ros2_jazzy/build/new_bot': CMAKE_PREFIX_PATH=${CMAKE_PREFIX_PATH}:/opt/ros/jazzy DEBUGINFOD_URLS=https://debuginfod.ubuntu.com /usr/bin/cmake --install /home/fe25/pranav_bot_ros2_jazzy/build/new_bot
[8.834s] -- Install configuration: ""
[8.834s] -- Execute custom install script
[8.835s] -- Up-to-date symlink: /home/fe25/pranav_bot_ros2_jazzy/install/new_bot/share/new_bot//new_bot_hardware_interface.xml
[8.835s] -- Up-to-date symlink: /home/fe25/pranav_bot_ros2_jazzy/install/new_bot/include/new_bot/rp2040_hardware_interface.hpp
[8.836s] -- Up-to-date symlink: /home/fe25/pranav_bot_ros2_jazzy/install/new_bot/share/new_bot/config/controllers.yaml
[8.836s] -- Up-to-date symlink: /home/fe25/pranav_bot_ros2_jazzy/install/new_bot/share/new_bot/config/robot_view.rviz
[8.836s] -- Up-to-date symlink: /home/fe25/pranav_bot_ros2_jazzy/install/new_bot/share/new_bot/description/inertial_macros.xacro
[8.836s] -- Up-to-date symlink: /home/fe25/pranav_bot_ros2_jazzy/install/new_bot/share/new_bot/description/lidar.xacro
[8.836s] -- Up-to-date symlink: /home/fe25/pranav_bot_ros2_jazzy/install/new_bot/share/new_bot/description/robot.urdf.xacro
[8.837s] -- Up-to-date symlink: /home/fe25/pranav_bot_ros2_jazzy/install/new_bot/share/new_bot/description/robot_core.xacro
[8.837s] -- Up-to-date symlink: /home/fe25/pranav_bot_ros2_jazzy/install/new_bot/share/new_bot/description/ros2_control.xacro
[8.837s] -- Up-to-date symlink: /home/fe25/pranav_bot_ros2_jazzy/install/new_bot/share/new_bot/launch/hardware.launch.py
[8.837s] -- Up-to-date symlink: /home/fe25/pranav_bot_ros2_jazzy/install/new_bot/share/new_bot/launch/minimal_hardware_test.launch.py
[8.837s] -- Up-to-date symlink: /home/fe25/pranav_bot_ros2_jazzy/install/new_bot/share/new_bot/launch/robot_state_publisher.launch.py
[8.838s] -- Up-to-date symlink: /home/fe25/pranav_bot_ros2_jazzy/install/new_bot/share/new_bot/scripts/README_RP2040.md
[8.838s] -- Up-to-date symlink: /home/fe25/pranav_bot_ros2_jazzy/install/new_bot/share/new_bot/scripts/debug_ping_test.py
[8.838s] -- Up-to-date symlink: /home/fe25/pranav_bot_ros2_jazzy/install/new_bot/share/new_bot/scripts/diagnose_rp2040.sh
[8.839s] -- Up-to-date symlink: /home/fe25/pranav_bot_ros2_jazzy/install/new_bot/share/new_bot/scripts/improved_test_rp2040.py
[8.839s] -- Up-to-date symlink: /home/fe25/pranav_bot_ros2_jazzy/install/new_bot/share/new_bot/scripts/rp2040_firmware.cpp
[8.839s] -- Up-to-date symlink: /home/fe25/pranav_bot_ros2_jazzy/install/new_bot/share/new_bot/scripts/rp2040_firmware/README.md
[8.839s] -- Up-to-date symlink: /home/fe25/pranav_bot_ros2_jazzy/install/new_bot/share/new_bot/scripts/rp2040_firmware/README_CLEAN.md
[8.839s] -- Up-to-date symlink: /home/fe25/pranav_bot_ros2_jazzy/install/new_bot/share/new_bot/scripts/rp2040_firmware/debug_main.py
[8.839s] -- Up-to-date symlink: /home/fe25/pranav_bot_ros2_jazzy/install/new_bot/share/new_bot/scripts/rp2040_firmware/fixed_main.py
[8.839s] -- Up-to-date symlink: /home/fe25/pranav_bot_ros2_jazzy/install/new_bot/share/new_bot/scripts/rp2040_firmware/main.py
[8.840s] -- Up-to-date symlink: /home/fe25/pranav_bot_ros2_jazzy/install/new_bot/share/new_bot/scripts/rp2040_firmware/serial_main.py
[8.840s] -- Up-to-date symlink: /home/fe25/pranav_bot_ros2_jazzy/install/new_bot/share/new_bot/scripts/rp2040_firmware/simple_main.py
[8.840s] -- Up-to-date symlink: /home/fe25/pranav_bot_ros2_jazzy/install/new_bot/share/new_bot/scripts/rp2040_firmware/simple_test.py
[8.840s] -- Up-to-date symlink: /home/fe25/pranav_bot_ros2_jazzy/install/new_bot/share/new_bot/scripts/rp2040_simulator.py
[8.840s] -- Up-to-date symlink: /home/fe25/pranav_bot_ros2_jazzy/install/new_bot/share/new_bot/scripts/setup.sh
[8.840s] -- Up-to-date symlink: /home/fe25/pranav_bot_ros2_jazzy/install/new_bot/share/new_bot/scripts/setup_rp2040.sh
[8.840s] -- Up-to-date symlink: /home/fe25/pranav_bot_ros2_jazzy/install/new_bot/share/new_bot/scripts/simple_rp2040_test.py
[8.840s] -- Up-to-date symlink: /home/fe25/pranav_bot_ros2_jazzy/install/new_bot/share/new_bot/scripts/test_rp2040.py
[8.840s] -- Up-to-date symlink: /home/fe25/pranav_bot_ros2_jazzy/install/new_bot/share/new_bot/scripts/test_simulator.py
[8.841s] -- Up-to-date symlink: /home/fe25/pranav_bot_ros2_jazzy/install/new_bot/share/new_bot/environment/library_path.sh
[8.841s] -- Up-to-date symlink: /home/fe25/pranav_bot_ros2_jazzy/install/new_bot/share/new_bot/environment/library_path.dsv
[8.842s] -- Up-to-date symlink: /home/fe25/pranav_bot_ros2_jazzy/install/new_bot/share/ament_index/resource_index/package_run_dependencies/new_bot
[8.842s] -- Up-to-date symlink: /home/fe25/pranav_bot_ros2_jazzy/install/new_bot/share/ament_index/resource_index/parent_prefix_path/new_bot
[8.842s] -- Up-to-date symlink: /home/fe25/pranav_bot_ros2_jazzy/install/new_bot/share/new_bot/environment/ament_prefix_path.sh
[8.842s] -- Up-to-date symlink: /home/fe25/pranav_bot_ros2_jazzy/install/new_bot/share/new_bot/environment/ament_prefix_path.dsv
[8.842s] -- Up-to-date symlink: /home/fe25/pranav_bot_ros2_jazzy/install/new_bot/share/new_bot/environment/path.sh
[8.842s] -- Up-to-date symlink: /home/fe25/pranav_bot_ros2_jazzy/install/new_bot/share/new_bot/environment/path.dsv
[8.842s] -- Up-to-date symlink: /home/fe25/pranav_bot_ros2_jazzy/install/new_bot/share/new_bot/local_setup.bash
[8.843s] -- Up-to-date symlink: /home/fe25/pranav_bot_ros2_jazzy/install/new_bot/share/new_bot/local_setup.sh
[8.843s] -- Up-to-date symlink: /home/fe25/pranav_bot_ros2_jazzy/install/new_bot/share/new_bot/local_setup.zsh
[8.843s] -- Up-to-date symlink: /home/fe25/pranav_bot_ros2_jazzy/install/new_bot/share/new_bot/local_setup.dsv
[8.843s] -- Symlinking: /home/fe25/pranav_bot_ros2_jazzy/install/new_bot/share/new_bot/package.dsv
[8.863s] -- Up-to-date symlink: /home/fe25/pranav_bot_ros2_jazzy/install/new_bot/share/ament_index/resource_index/packages/new_bot
[8.864s] -- Up-to-date symlink: /home/fe25/pranav_bot_ros2_jazzy/install/new_bot/share/ament_index/resource_index/hardware_interface__pluginlib__plugin/new_bot
[8.864s] -- Up-to-date symlink: /home/fe25/pranav_bot_ros2_jazzy/install/new_bot/share/new_bot/cmake/ament_cmake_export_targets-extras.cmake
[8.864s] -- Up-to-date symlink: /home/fe25/pranav_bot_ros2_jazzy/install/new_bot/share/new_bot/cmake/ament_cmake_export_dependencies-extras.cmake
[8.864s] -- Up-to-date symlink: /home/fe25/pranav_bot_ros2_jazzy/install/new_bot/share/new_bot/cmake/new_botConfig.cmake
[8.864s] -- Up-to-date symlink: /home/fe25/pranav_bot_ros2_jazzy/install/new_bot/share/new_bot/cmake/new_botConfig-version.cmake
[8.864s] -- Up-to-date symlink: /home/fe25/pranav_bot_ros2_jazzy/install/new_bot/share/new_bot/package.xml
[8.865s] -- Installing: /home/fe25/pranav_bot_ros2_jazzy/install/new_bot/lib/libnew_bot_hardware_interface.so
[8.868s] -- Set non-toolchain portion of runtime path of "/home/fe25/pranav_bot_ros2_jazzy/install/new_bot/lib/libnew_bot_hardware_interface.so" to ""
[8.869s] -- Up-to-date: /home/fe25/pranav_bot_ros2_jazzy/install/new_bot/share/new_bot/cmake/new_bot_hardware_interfaceExport.cmake
[8.869s] -- Up-to-date: /home/fe25/pranav_bot_ros2_jazzy/install/new_bot/share/new_bot/cmake/new_bot_hardware_interfaceExport-noconfig.cmake
[8.872s] Invoked command in '/home/fe25/pranav_bot_ros2_jazzy/build/new_bot' returned '0': CMAKE_PREFIX_PATH=${CMAKE_PREFIX_PATH}:/opt/ros/jazzy DEBUGINFOD_URLS=https://debuginfod.ubuntu.com /usr/bin/cmake --install /home/fe25/pranav_bot_ros2_jazzy/build/new_bot
