[0.150s] DEBUG:colcon:Command line arguments: ['/usr/bin/colcon', 'build', '--symlink-install']
[0.150s] DEBUG:colcon:Parsed command line arguments: Namespace(log_base=None, log_level=None, verb_name='build', build_base='build', install_base='install', merge_install=False, symlink_install=True, test_result_base=None, continue_on_error=False, executor='parallel', parallel_workers=4, event_handlers=None, ignore_user_meta=False, metas=['./colcon.meta'], base_paths=['.'], packages_ignore=None, packages_ignore_regex=None, paths=None, packages_up_to=None, packages_up_to_regex=None, packages_above=None, packages_above_and_dependencies=None, packages_above_depth=None, packages_select_by_dep=None, packages_skip_by_dep=None, packages_skip_up_to=None, packages_select_build_failed=False, packages_skip_build_finished=False, packages_select_test_failures=False, packages_skip_test_passed=False, packages_select=None, packages_skip=None, packages_select_regex=None, packages_skip_regex=None, packages_start=None, packages_end=None, allow_overriding=[], cmake_args=None, cmake_target=None, cmake_target_skip_unavailable=False, cmake_clean_cache=False, cmake_clean_first=False, cmake_force_configure=False, ament_cmake_args=None, catkin_cmake_args=None, catkin_skip_building_tests=False, mixin_files=None, mixin=None, verb_parser=<colcon_mixin.mixin.mixin_argument.MixinArgumentDecorator object at 0xffffac8ecb90>, verb_extension=<colcon_core.verb.build.BuildVerb object at 0xffffacaa50d0>, main=<bound method BuildVerb.main of <colcon_core.verb.build.BuildVerb object at 0xffffacaa50d0>>, mixin_verb=('build',))
[0.205s] Level 1:colcon.colcon_core.package_discovery:discover_packages(colcon_meta) check parameters
[0.205s] Level 1:colcon.colcon_core.package_discovery:discover_packages(recursive) check parameters
[0.205s] Level 1:colcon.colcon_core.package_discovery:discover_packages(ignore) check parameters
[0.205s] Level 1:colcon.colcon_core.package_discovery:discover_packages(path) check parameters
[0.205s] Level 1:colcon.colcon_core.package_discovery:discover_packages(colcon_meta) discover
[0.206s] Level 1:colcon.colcon_core.package_discovery:discover_packages(recursive) discover
[0.206s] INFO:colcon.colcon_core.package_discovery:Crawling recursively for packages in '/home/fe25/pranav_bot_ros2_jazzy'
[0.206s] Level 1:colcon.colcon_core.package_identification:_identify(.) by extensions ['ignore', 'ignore_ament_install']
[0.206s] Level 1:colcon.colcon_core.package_identification:_identify(.) by extension 'ignore'
[0.206s] Level 1:colcon.colcon_core.package_identification:_identify(.) by extension 'ignore_ament_install'
[0.206s] Level 1:colcon.colcon_core.package_identification:_identify(.) by extensions ['colcon_pkg']
[0.206s] Level 1:colcon.colcon_core.package_identification:_identify(.) by extension 'colcon_pkg'
[0.206s] Level 1:colcon.colcon_core.package_identification:_identify(.) by extensions ['colcon_meta']
[0.206s] Level 1:colcon.colcon_core.package_identification:_identify(.) by extension 'colcon_meta'
[0.206s] Level 1:colcon.colcon_core.package_identification:_identify(.) by extensions ['ros']
[0.206s] Level 1:colcon.colcon_core.package_identification:_identify(.) by extension 'ros'
[0.244s] Level 1:colcon.colcon_core.package_identification:_identify(.) by extensions ['cmake', 'python']
[0.244s] Level 1:colcon.colcon_core.package_identification:_identify(.) by extension 'cmake'
[0.244s] Level 1:colcon.colcon_core.package_identification:_identify(.) by extension 'python'
[0.244s] Level 1:colcon.colcon_core.package_identification:_identify(.) by extensions ['python_setup_py']
[0.244s] Level 1:colcon.colcon_core.package_identification:_identify(.) by extension 'python_setup_py'
[0.244s] Level 1:colcon.colcon_core.package_identification:_identify(build) by extensions ['ignore', 'ignore_ament_install']
[0.245s] Level 1:colcon.colcon_core.package_identification:_identify(build) by extension 'ignore'
[0.245s] Level 1:colcon.colcon_core.package_identification:_identify(build) ignored
[0.245s] Level 1:colcon.colcon_core.package_identification:_identify(install) by extensions ['ignore', 'ignore_ament_install']
[0.245s] Level 1:colcon.colcon_core.package_identification:_identify(install) by extension 'ignore'
[0.245s] Level 1:colcon.colcon_core.package_identification:_identify(install) ignored
[0.245s] Level 1:colcon.colcon_core.package_identification:_identify(log) by extensions ['ignore', 'ignore_ament_install']
[0.245s] Level 1:colcon.colcon_core.package_identification:_identify(log) by extension 'ignore'
[0.245s] Level 1:colcon.colcon_core.package_identification:_identify(log) ignored
[0.245s] Level 1:colcon.colcon_core.package_identification:_identify(src) by extensions ['ignore', 'ignore_ament_install']
[0.245s] Level 1:colcon.colcon_core.package_identification:_identify(src) by extension 'ignore'
[0.245s] Level 1:colcon.colcon_core.package_identification:_identify(src) by extension 'ignore_ament_install'
[0.245s] Level 1:colcon.colcon_core.package_identification:_identify(src) by extensions ['colcon_pkg']
[0.246s] Level 1:colcon.colcon_core.package_identification:_identify(src) by extension 'colcon_pkg'
[0.246s] Level 1:colcon.colcon_core.package_identification:_identify(src) by extensions ['colcon_meta']
[0.246s] Level 1:colcon.colcon_core.package_identification:_identify(src) by extension 'colcon_meta'
[0.246s] Level 1:colcon.colcon_core.package_identification:_identify(src) by extensions ['ros']
[0.246s] Level 1:colcon.colcon_core.package_identification:_identify(src) by extension 'ros'
[0.246s] Level 1:colcon.colcon_core.package_identification:_identify(src) by extensions ['cmake', 'python']
[0.246s] Level 1:colcon.colcon_core.package_identification:_identify(src) by extension 'cmake'
[0.246s] Level 1:colcon.colcon_core.package_identification:_identify(src) by extension 'python'
[0.246s] Level 1:colcon.colcon_core.package_identification:_identify(src) by extensions ['python_setup_py']
[0.246s] Level 1:colcon.colcon_core.package_identification:_identify(src) by extension 'python_setup_py'
[0.246s] Level 1:colcon.colcon_core.package_identification:_identify(src/new_bot) by extensions ['ignore', 'ignore_ament_install']
[0.246s] Level 1:colcon.colcon_core.package_identification:_identify(src/new_bot) by extension 'ignore'
[0.246s] Level 1:colcon.colcon_core.package_identification:_identify(src/new_bot) by extension 'ignore_ament_install'
[0.246s] Level 1:colcon.colcon_core.package_identification:_identify(src/new_bot) by extensions ['colcon_pkg']
[0.246s] Level 1:colcon.colcon_core.package_identification:_identify(src/new_bot) by extension 'colcon_pkg'
[0.246s] Level 1:colcon.colcon_core.package_identification:_identify(src/new_bot) by extensions ['colcon_meta']
[0.246s] Level 1:colcon.colcon_core.package_identification:_identify(src/new_bot) by extension 'colcon_meta'
[0.246s] Level 1:colcon.colcon_core.package_identification:_identify(src/new_bot) by extensions ['ros']
[0.246s] Level 1:colcon.colcon_core.package_identification:_identify(src/new_bot) by extension 'ros'
[0.251s] DEBUG:colcon.colcon_core.package_identification:Package 'src/new_bot' with type 'ros.ament_cmake' and name 'new_bot'
[0.251s] Level 1:colcon.colcon_core.package_discovery:discover_packages(recursive) using defaults
[0.251s] Level 1:colcon.colcon_core.package_discovery:discover_packages(ignore) discover
[0.251s] Level 1:colcon.colcon_core.package_discovery:discover_packages(ignore) using defaults
[0.251s] Level 1:colcon.colcon_core.package_discovery:discover_packages(path) discover
[0.251s] Level 1:colcon.colcon_core.package_discovery:discover_packages(path) using defaults
[0.274s] Level 1:colcon.colcon_core.package_discovery:discover_packages(prefix_path) check parameters
[0.275s] Level 1:colcon.colcon_core.package_discovery:discover_packages(prefix_path) discover
[0.279s] DEBUG:colcon.colcon_installed_package_information.package_discovery:Found 381 installed packages in /opt/ros/jazzy
[0.281s] Level 1:colcon.colcon_core.package_discovery:discover_packages(prefix_path) using defaults
[0.354s] Level 5:colcon.colcon_core.verb:set package 'new_bot' build argument 'cmake_args' from command line to 'None'
[0.354s] Level 5:colcon.colcon_core.verb:set package 'new_bot' build argument 'cmake_target' from command line to 'None'
[0.354s] Level 5:colcon.colcon_core.verb:set package 'new_bot' build argument 'cmake_target_skip_unavailable' from command line to 'False'
[0.354s] Level 5:colcon.colcon_core.verb:set package 'new_bot' build argument 'cmake_clean_cache' from command line to 'False'
[0.354s] Level 5:colcon.colcon_core.verb:set package 'new_bot' build argument 'cmake_clean_first' from command line to 'False'
[0.355s] Level 5:colcon.colcon_core.verb:set package 'new_bot' build argument 'cmake_force_configure' from command line to 'False'
[0.355s] Level 5:colcon.colcon_core.verb:set package 'new_bot' build argument 'ament_cmake_args' from command line to 'None'
[0.355s] Level 5:colcon.colcon_core.verb:set package 'new_bot' build argument 'catkin_cmake_args' from command line to 'None'
[0.355s] Level 5:colcon.colcon_core.verb:set package 'new_bot' build argument 'catkin_skip_building_tests' from command line to 'False'
[0.355s] DEBUG:colcon.colcon_core.verb:Building package 'new_bot' with the following arguments: {'ament_cmake_args': None, 'build_base': '/home/fe25/pranav_bot_ros2_jazzy/build/new_bot', 'catkin_cmake_args': None, 'catkin_skip_building_tests': False, 'cmake_args': None, 'cmake_clean_cache': False, 'cmake_clean_first': False, 'cmake_force_configure': False, 'cmake_target': None, 'cmake_target_skip_unavailable': False, 'install_base': '/home/fe25/pranav_bot_ros2_jazzy/install/new_bot', 'merge_install': False, 'path': '/home/fe25/pranav_bot_ros2_jazzy/src/new_bot', 'symlink_install': True, 'test_result_base': None}
[0.355s] INFO:colcon.colcon_core.executor:Executing jobs using 'parallel' executor
[0.356s] DEBUG:colcon.colcon_parallel_executor.executor.parallel:run_until_complete
[0.356s] INFO:colcon.colcon_ros.task.ament_cmake.build:Building ROS package in '/home/fe25/pranav_bot_ros2_jazzy/src/new_bot' with build type 'ament_cmake'
[0.357s] INFO:colcon.colcon_cmake.task.cmake.build:Building CMake package in '/home/fe25/pranav_bot_ros2_jazzy/src/new_bot'
[0.359s] INFO:colcon.colcon_core.plugin_system:Skipping extension 'colcon_core.shell.bat': Not used on non-Windows systems
[0.359s] INFO:colcon.colcon_core.shell:Skip shell extension 'powershell' for command environment: Not usable outside of PowerShell
[0.359s] DEBUG:colcon.colcon_core.shell:Skip shell extension 'dsv' for command environment
[0.371s] DEBUG:colcon.colcon_core.event_handler.log_command:Invoking command in '/home/fe25/pranav_bot_ros2_jazzy/build/new_bot': CMAKE_PREFIX_PATH=${CMAKE_PREFIX_PATH}:/opt/ros/jazzy DEBUGINFOD_URLS=https://debuginfod.ubuntu.com /usr/bin/cmake /home/fe25/pranav_bot_ros2_jazzy/src/new_bot -DAMENT_CMAKE_SYMLINK_INSTALL=1 -DCMAKE_INSTALL_PREFIX=/home/fe25/pranav_bot_ros2_jazzy/install/new_bot
[1.768s] DEBUG:colcon.colcon_core.event_handler.log_command:Invoked command in '/home/fe25/pranav_bot_ros2_jazzy/build/new_bot' returned '0': CMAKE_PREFIX_PATH=${CMAKE_PREFIX_PATH}:/opt/ros/jazzy DEBUGINFOD_URLS=https://debuginfod.ubuntu.com /usr/bin/cmake /home/fe25/pranav_bot_ros2_jazzy/src/new_bot -DAMENT_CMAKE_SYMLINK_INSTALL=1 -DCMAKE_INSTALL_PREFIX=/home/fe25/pranav_bot_ros2_jazzy/install/new_bot
[1.770s] DEBUG:colcon.colcon_core.event_handler.log_command:Invoking command in '/home/fe25/pranav_bot_ros2_jazzy/build/new_bot': CMAKE_PREFIX_PATH=${CMAKE_PREFIX_PATH}:/opt/ros/jazzy DEBUGINFOD_URLS=https://debuginfod.ubuntu.com /usr/bin/cmake --build /home/fe25/pranav_bot_ros2_jazzy/build/new_bot -- -j4 -l4
[1.917s] DEBUG:colcon.colcon_core.event_handler.log_command:Invoked command in '/home/fe25/pranav_bot_ros2_jazzy/build/new_bot' returned '0': CMAKE_PREFIX_PATH=${CMAKE_PREFIX_PATH}:/opt/ros/jazzy DEBUGINFOD_URLS=https://debuginfod.ubuntu.com /usr/bin/cmake --build /home/fe25/pranav_bot_ros2_jazzy/build/new_bot -- -j4 -l4
[1.939s] DEBUG:colcon.colcon_core.event_handler.log_command:Invoking command in '/home/fe25/pranav_bot_ros2_jazzy/build/new_bot': CMAKE_PREFIX_PATH=${CMAKE_PREFIX_PATH}:/opt/ros/jazzy DEBUGINFOD_URLS=https://debuginfod.ubuntu.com /usr/bin/cmake --install /home/fe25/pranav_bot_ros2_jazzy/build/new_bot
[2.590s] Level 1:colcon.colcon_core.environment:create_environment_scripts_only(new_bot)
[2.591s] DEBUG:colcon.colcon_core.event_handler.log_command:Invoked command in '/home/fe25/pranav_bot_ros2_jazzy/build/new_bot' returned '0': CMAKE_PREFIX_PATH=${CMAKE_PREFIX_PATH}:/opt/ros/jazzy DEBUGINFOD_URLS=https://debuginfod.ubuntu.com /usr/bin/cmake --install /home/fe25/pranav_bot_ros2_jazzy/build/new_bot
[2.594s] Level 1:colcon.colcon_core.environment:checking '/home/fe25/pranav_bot_ros2_jazzy/install/new_bot' for CMake module files
[2.595s] Level 1:colcon.colcon_core.environment:checking '/home/fe25/pranav_bot_ros2_jazzy/install/new_bot' for CMake config files
[2.595s] Level 1:colcon.colcon_core.shell:create_environment_hook('new_bot', 'cmake_prefix_path')
[2.595s] INFO:colcon.colcon_core.shell:Creating environment hook '/home/fe25/pranav_bot_ros2_jazzy/install/new_bot/share/new_bot/hook/cmake_prefix_path.ps1'
[2.596s] INFO:colcon.colcon_core.shell:Creating environment descriptor '/home/fe25/pranav_bot_ros2_jazzy/install/new_bot/share/new_bot/hook/cmake_prefix_path.dsv'
[2.597s] INFO:colcon.colcon_core.shell:Creating environment hook '/home/fe25/pranav_bot_ros2_jazzy/install/new_bot/share/new_bot/hook/cmake_prefix_path.sh'
[2.598s] Level 1:colcon.colcon_core.environment:checking '/home/fe25/pranav_bot_ros2_jazzy/install/new_bot/lib'
[2.599s] Level 1:colcon.colcon_core.shell:create_environment_hook('new_bot', 'ld_library_path_lib')
[2.599s] INFO:colcon.colcon_core.shell:Creating environment hook '/home/fe25/pranav_bot_ros2_jazzy/install/new_bot/share/new_bot/hook/ld_library_path_lib.ps1'
[2.599s] INFO:colcon.colcon_core.shell:Creating environment descriptor '/home/fe25/pranav_bot_ros2_jazzy/install/new_bot/share/new_bot/hook/ld_library_path_lib.dsv'
[2.600s] INFO:colcon.colcon_core.shell:Creating environment hook '/home/fe25/pranav_bot_ros2_jazzy/install/new_bot/share/new_bot/hook/ld_library_path_lib.sh'
[2.601s] Level 1:colcon.colcon_core.environment:checking '/home/fe25/pranav_bot_ros2_jazzy/install/new_bot/bin'
[2.601s] Level 1:colcon.colcon_core.environment:checking '/home/fe25/pranav_bot_ros2_jazzy/install/new_bot/lib/pkgconfig/new_bot.pc'
[2.601s] Level 1:colcon.colcon_core.environment:checking '/home/fe25/pranav_bot_ros2_jazzy/install/new_bot/lib/python3.12/site-packages'
[2.602s] Level 1:colcon.colcon_core.environment:checking '/home/fe25/pranav_bot_ros2_jazzy/install/new_bot/bin'
[2.602s] INFO:colcon.colcon_core.shell:Creating package script '/home/fe25/pranav_bot_ros2_jazzy/install/new_bot/share/new_bot/package.ps1'
[2.603s] INFO:colcon.colcon_core.shell:Creating package descriptor '/home/fe25/pranav_bot_ros2_jazzy/install/new_bot/share/new_bot/package.dsv'
[2.604s] INFO:colcon.colcon_core.shell:Creating package script '/home/fe25/pranav_bot_ros2_jazzy/install/new_bot/share/new_bot/package.sh'
[2.605s] INFO:colcon.colcon_core.shell:Creating package script '/home/fe25/pranav_bot_ros2_jazzy/install/new_bot/share/new_bot/package.bash'
[2.606s] INFO:colcon.colcon_core.shell:Creating package script '/home/fe25/pranav_bot_ros2_jazzy/install/new_bot/share/new_bot/package.zsh'
[2.608s] Level 1:colcon.colcon_core.environment:create_file_with_runtime_dependencies(/home/fe25/pranav_bot_ros2_jazzy/install/new_bot/share/colcon-core/packages/new_bot)
[2.610s] Level 1:colcon.colcon_core.environment:create_environment_scripts_only(new_bot)
[2.610s] Level 1:colcon.colcon_core.environment:checking '/home/fe25/pranav_bot_ros2_jazzy/install/new_bot' for CMake module files
[2.610s] Level 1:colcon.colcon_core.environment:checking '/home/fe25/pranav_bot_ros2_jazzy/install/new_bot' for CMake config files
[2.611s] Level 1:colcon.colcon_core.shell:create_environment_hook('new_bot', 'cmake_prefix_path')
[2.611s] INFO:colcon.colcon_core.shell:Creating environment hook '/home/fe25/pranav_bot_ros2_jazzy/install/new_bot/share/new_bot/hook/cmake_prefix_path.ps1'
[2.612s] INFO:colcon.colcon_core.shell:Creating environment descriptor '/home/fe25/pranav_bot_ros2_jazzy/install/new_bot/share/new_bot/hook/cmake_prefix_path.dsv'
[2.613s] INFO:colcon.colcon_core.shell:Creating environment hook '/home/fe25/pranav_bot_ros2_jazzy/install/new_bot/share/new_bot/hook/cmake_prefix_path.sh'
[2.615s] Level 1:colcon.colcon_core.environment:checking '/home/fe25/pranav_bot_ros2_jazzy/install/new_bot/lib'
[2.615s] Level 1:colcon.colcon_core.shell:create_environment_hook('new_bot', 'ld_library_path_lib')
[2.615s] INFO:colcon.colcon_core.shell:Creating environment hook '/home/fe25/pranav_bot_ros2_jazzy/install/new_bot/share/new_bot/hook/ld_library_path_lib.ps1'
[2.616s] INFO:colcon.colcon_core.shell:Creating environment descriptor '/home/fe25/pranav_bot_ros2_jazzy/install/new_bot/share/new_bot/hook/ld_library_path_lib.dsv'
[2.617s] INFO:colcon.colcon_core.shell:Creating environment hook '/home/fe25/pranav_bot_ros2_jazzy/install/new_bot/share/new_bot/hook/ld_library_path_lib.sh'
[2.619s] Level 1:colcon.colcon_core.environment:checking '/home/fe25/pranav_bot_ros2_jazzy/install/new_bot/bin'
[2.619s] Level 1:colcon.colcon_core.environment:checking '/home/fe25/pranav_bot_ros2_jazzy/install/new_bot/lib/pkgconfig/new_bot.pc'
[2.619s] Level 1:colcon.colcon_core.environment:checking '/home/fe25/pranav_bot_ros2_jazzy/install/new_bot/lib/python3.12/site-packages'
[2.619s] Level 1:colcon.colcon_core.environment:checking '/home/fe25/pranav_bot_ros2_jazzy/install/new_bot/bin'
[2.620s] INFO:colcon.colcon_core.shell:Creating package script '/home/fe25/pranav_bot_ros2_jazzy/install/new_bot/share/new_bot/package.ps1'
[2.621s] INFO:colcon.colcon_core.shell:Creating package descriptor '/home/fe25/pranav_bot_ros2_jazzy/install/new_bot/share/new_bot/package.dsv'
[2.622s] INFO:colcon.colcon_core.shell:Creating package script '/home/fe25/pranav_bot_ros2_jazzy/install/new_bot/share/new_bot/package.sh'
[2.623s] INFO:colcon.colcon_core.shell:Creating package script '/home/fe25/pranav_bot_ros2_jazzy/install/new_bot/share/new_bot/package.bash'
[2.624s] INFO:colcon.colcon_core.shell:Creating package script '/home/fe25/pranav_bot_ros2_jazzy/install/new_bot/share/new_bot/package.zsh'
[2.626s] Level 1:colcon.colcon_core.environment:create_file_with_runtime_dependencies(/home/fe25/pranav_bot_ros2_jazzy/install/new_bot/share/colcon-core/packages/new_bot)
[2.627s] DEBUG:colcon.colcon_parallel_executor.executor.parallel:closing loop
[2.628s] DEBUG:colcon.colcon_parallel_executor.executor.parallel:loop closed
[2.628s] DEBUG:colcon.colcon_parallel_executor.executor.parallel:run_until_complete finished with '0'
[2.628s] DEBUG:colcon.colcon_core.event_reactor:joining thread
[2.637s] INFO:colcon.colcon_core.plugin_system:Skipping extension 'colcon_notification.desktop_notification.terminal_notifier': Not used on non-Darwin systems
[2.637s] INFO:colcon.colcon_core.plugin_system:Skipping extension 'colcon_notification.desktop_notification.win32': Not used on non-Windows systems
[2.637s] INFO:colcon.colcon_notification.desktop_notification:Sending desktop notification using 'notify2'
[2.638s] DEBUG:colcon.colcon_notification.desktop_notification.notify2:Failed to initialize notify2: org.freedesktop.DBus.Error.ServiceUnknown: The name org.freedesktop.Notifications was not provided by any .service files
[2.639s] DEBUG:colcon.colcon_core.event_reactor:joined thread
[2.639s] INFO:colcon.colcon_core.shell:Creating prefix script '/home/fe25/pranav_bot_ros2_jazzy/install/local_setup.ps1'
[2.640s] INFO:colcon.colcon_core.shell:Creating prefix util module '/home/fe25/pranav_bot_ros2_jazzy/install/_local_setup_util_ps1.py'
[2.642s] INFO:colcon.colcon_core.shell:Creating prefix chain script '/home/fe25/pranav_bot_ros2_jazzy/install/setup.ps1'
[2.643s] INFO:colcon.colcon_core.shell:Creating prefix script '/home/fe25/pranav_bot_ros2_jazzy/install/local_setup.sh'
[2.644s] INFO:colcon.colcon_core.shell:Creating prefix util module '/home/fe25/pranav_bot_ros2_jazzy/install/_local_setup_util_sh.py'
[2.645s] INFO:colcon.colcon_core.shell:Creating prefix chain script '/home/fe25/pranav_bot_ros2_jazzy/install/setup.sh'
[2.646s] INFO:colcon.colcon_core.shell:Creating prefix script '/home/fe25/pranav_bot_ros2_jazzy/install/local_setup.bash'
[2.648s] INFO:colcon.colcon_core.shell:Creating prefix chain script '/home/fe25/pranav_bot_ros2_jazzy/install/setup.bash'
[2.649s] INFO:colcon.colcon_core.shell:Creating prefix script '/home/fe25/pranav_bot_ros2_jazzy/install/local_setup.zsh'
[2.650s] INFO:colcon.colcon_core.shell:Creating prefix chain script '/home/fe25/pranav_bot_ros2_jazzy/install/setup.zsh'
