In file included from /home/fe25/pranav_bot_ros2_jazzy/src/new_bot/src/rp2040_hardware_interface.cpp:1:
/home/fe25/pranav_bot_ros2_jazzy/src/new_bot/include/new_bot/rp2040_hardware_interface.hpp:27:57: warning: extra ‘;’ [-Wpedantic]
   27 |   RCLCPP_SHARED_PTR_DEFINITIONS(RP2040HardwareInterface);
      |                                                         ^
      |                                                         -
/home/fe25/pranav_bot_ros2_jazzy/src/new_bot/src/rp2040_hardware_interface.cpp: In member function ‘virtual hardware_interface::CallbackReturn new_bot::RP2040HardwareInterface::on_init(const hardware_interface::HardwareInfo&)’:
/home/fe25/pranav_bot_ros2_jazzy/src/new_bot/src/rp2040_hardware_interface.cpp:32:3: error: ‘hw_joint_positions_’ was not declared in this scope; did you mean ‘hw_positions_’?
   32 |   hw_joint_positions_.resize(info_.joints.size(), 0.0);
      |   ^~~~~~~~~~~~~~~~~~~
      |   hw_positions_
/home/fe25/pranav_bot_ros2_jazzy/src/new_bot/src/rp2040_hardware_interface.cpp:33:3: error: ‘hw_joint_velocities_’ was not declared in this scope; did you mean ‘hw_velocities_’?
   33 |   hw_joint_velocities_.resize(info_.joints.size(), 0.0);
      |   ^~~~~~~~~~~~~~~~~~~~
      |   hw_velocities_
/home/fe25/pranav_bot_ros2_jazzy/src/new_bot/src/rp2040_hardware_interface.cpp:34:3: error: ‘hw_joint_position_commands_’ was not declared in this scope
   34 |   hw_joint_position_commands_.resize(info_.joints.size(), 0.0);
      |   ^~~~~~~~~~~~~~~~~~~~~~~~~~~
/home/fe25/pranav_bot_ros2_jazzy/src/new_bot/src/rp2040_hardware_interface.cpp:35:3: error: ‘hw_joint_velocity_commands_’ was not declared in this scope
   35 |   hw_joint_velocity_commands_.resize(info_.joints.size(), 0.0);
      |   ^~~~~~~~~~~~~~~~~~~~~~~~~~~
/home/fe25/pranav_bot_ros2_jazzy/src/new_bot/src/rp2040_hardware_interface.cpp:38:3: error: ‘joint_names_’ was not declared in this scope; did you mean ‘joint_states_’?
   38 |   joint_names_.clear();
      |   ^~~~~~~~~~~~
      |   joint_states_
/home/fe25/pranav_bot_ros2_jazzy/src/new_bot/src/rp2040_hardware_interface.cpp:45:3: error: ‘hw_imu_orientation_’ was not declared in this scope
   45 |   hw_imu_orientation_.resize(4, 0.0);      // quaternion x,y,z,w
      |   ^~~~~~~~~~~~~~~~~~~
/home/fe25/pranav_bot_ros2_jazzy/src/new_bot/src/rp2040_hardware_interface.cpp:46:3: error: ‘hw_imu_angular_velocity_’ was not declared in this scope
   46 |   hw_imu_angular_velocity_.resize(3, 0.0); // rad/s x,y,z
      |   ^~~~~~~~~~~~~~~~~~~~~~~~
/home/fe25/pranav_bot_ros2_jazzy/src/new_bot/src/rp2040_hardware_interface.cpp:47:3: error: ‘hw_imu_linear_accel_’ was not declared in this scope
   47 |   hw_imu_linear_accel_.resize(3, 0.0);     // m/s² x,y,z
      |   ^~~~~~~~~~~~~~~~~~~~
/home/fe25/pranav_bot_ros2_jazzy/src/new_bot/src/rp2040_hardware_interface.cpp:48:3: error: ‘hw_range_sensors_’ was not declared in this scope
   48 |   hw_range_sensors_.resize(3, 0.0);        // front, left, right distances
      |   ^~~~~~~~~~~~~~~~~
/home/fe25/pranav_bot_ros2_jazzy/src/new_bot/src/rp2040_hardware_interface.cpp: In member function ‘virtual hardware_interface::CallbackReturn new_bot::RP2040HardwareInterface::on_configure(const rclcpp_lifecycle::State&)’:
/home/fe25/pranav_bot_ros2_jazzy/src/new_bot/src/rp2040_hardware_interface.cpp:62:8: error: ‘connect_to_rp2040’ was not declared in this scope
   62 |   if (!connect_to_rp2040())
      |        ^~~~~~~~~~~~~~~~~
/home/fe25/pranav_bot_ros2_jazzy/src/new_bot/src/rp2040_hardware_interface.cpp: In member function ‘virtual std::vector<hardware_interface::StateInterface> new_bot::RP2040HardwareInterface::export_state_interfaces()’:
/home/fe25/pranav_bot_ros2_jazzy/src/new_bot/src/rp2040_hardware_interface.cpp:82:66: error: ‘hw_joint_positions_’ was not declared in this scope; did you mean ‘hw_positions_’?
   82 |       info_.joints[i].name, hardware_interface::HW_IF_POSITION, &hw_joint_positions_[i]));
      |                                                                  ^~~~~~~~~~~~~~~~~~~
      |                                                                  hw_positions_
/home/fe25/pranav_bot_ros2_jazzy/src/new_bot/src/rp2040_hardware_interface.cpp:84:66: error: ‘hw_joint_velocities_’ was not declared in this scope; did you mean ‘hw_velocities_’?
   84 |       info_.joints[i].name, hardware_interface::HW_IF_VELOCITY, &hw_joint_velocities_[i]));
      |                                                                  ^~~~~~~~~~~~~~~~~~~~
      |                                                                  hw_velocities_
/home/fe25/pranav_bot_ros2_jazzy/src/new_bot/src/rp2040_hardware_interface.cpp:89:37: error: ‘hw_imu_orientation_’ was not declared in this scope
   89 |     "imu_sensor", "orientation.x", &hw_imu_orientation_[0]));
      |                                     ^~~~~~~~~~~~~~~~~~~
/home/fe25/pranav_bot_ros2_jazzy/src/new_bot/src/rp2040_hardware_interface.cpp:98:42: error: ‘hw_imu_angular_velocity_’ was not declared in this scope
   98 |     "imu_sensor", "angular_velocity.x", &hw_imu_angular_velocity_[0]));
      |                                          ^~~~~~~~~~~~~~~~~~~~~~~~
/home/fe25/pranav_bot_ros2_jazzy/src/new_bot/src/rp2040_hardware_interface.cpp:105:45: error: ‘hw_imu_linear_accel_’ was not declared in this scope
  105 |     "imu_sensor", "linear_acceleration.x", &hw_imu_linear_accel_[0]));
      |                                             ^~~~~~~~~~~~~~~~~~~~
/home/fe25/pranav_bot_ros2_jazzy/src/new_bot/src/rp2040_hardware_interface.cpp:113:32: error: ‘hw_range_sensors_’ was not declared in this scope
  113 |     "tf_luna_front", "range", &hw_range_sensors_[0]));
      |                                ^~~~~~~~~~~~~~~~~
/home/fe25/pranav_bot_ros2_jazzy/src/new_bot/src/rp2040_hardware_interface.cpp: In member function ‘virtual std::vector<hardware_interface::CommandInterface> new_bot::RP2040HardwareInterface::export_command_interfaces()’:
/home/fe25/pranav_bot_ros2_jazzy/src/new_bot/src/rp2040_hardware_interface.cpp:135:70: error: ‘hw_joint_position_commands_’ was not declared in this scope
  135 |           info_.joints[i].name, hardware_interface::HW_IF_POSITION, &hw_joint_position_commands_[i]));
      |                                                                      ^~~~~~~~~~~~~~~~~~~~~~~~~~~
/home/fe25/pranav_bot_ros2_jazzy/src/new_bot/src/rp2040_hardware_interface.cpp:140:70: error: ‘hw_joint_velocity_commands_’ was not declared in this scope
  140 |           info_.joints[i].name, hardware_interface::HW_IF_VELOCITY, &hw_joint_velocity_commands_[i]));
      |                                                                      ^~~~~~~~~~~~~~~~~~~~~~~~~~~
/home/fe25/pranav_bot_ros2_jazzy/src/new_bot/src/rp2040_hardware_interface.cpp: In member function ‘virtual hardware_interface::CallbackReturn new_bot::RP2040HardwareInterface::on_activate(const rclcpp_lifecycle::State&)’:
/home/fe25/pranav_bot_ros2_jazzy/src/new_bot/src/rp2040_hardware_interface.cpp:154:8: error: ‘send_command’ was not declared in this scope; did you mean ‘sendCommand’?
  154 |   if (!send_command("INIT"))
      |        ^~~~~~~~~~~~
      |        sendCommand
/home/fe25/pranav_bot_ros2_jazzy/src/new_bot/src/rp2040_hardware_interface.cpp: In member function ‘virtual hardware_interface::CallbackReturn new_bot::RP2040HardwareInterface::on_deactivate(const rclcpp_lifecycle::State&)’:
/home/fe25/pranav_bot_ros2_jazzy/src/new_bot/src/rp2040_hardware_interface.cpp:170:3: error: ‘send_command’ was not declared in this scope; did you mean ‘sendCommand’?
  170 |   send_command("STOP");
      |   ^~~~~~~~~~~~
      |   sendCommand
/home/fe25/pranav_bot_ros2_jazzy/src/new_bot/src/rp2040_hardware_interface.cpp:172:3: error: ‘disconnect_from_rp2040’ was not declared in this scope
  172 |   disconnect_from_rp2040();
      |   ^~~~~~~~~~~~~~~~~~~~~~
/home/fe25/pranav_bot_ros2_jazzy/src/new_bot/src/rp2040_hardware_interface.cpp: In member function ‘virtual hardware_interface::return_type new_bot::RP2040HardwareInterface::read(const rclcpp::Time&, const rclcpp::Duration&)’:
/home/fe25/pranav_bot_ros2_jazzy/src/new_bot/src/rp2040_hardware_interface.cpp:182:8: error: ‘send_command’ was not declared in this scope; did you mean ‘sendCommand’?
  182 |   if (!send_command("READ"))
      |        ^~~~~~~~~~~~
      |        sendCommand
/home/fe25/pranav_bot_ros2_jazzy/src/new_bot/src/rp2040_hardware_interface.cpp:189:26: error: ‘receive_response’ was not declared in this scope; did you mean ‘receiveResponse’?
  189 |   std::string response = receive_response();
      |                          ^~~~~~~~~~~~~~~~
      |                          receiveResponse
/home/fe25/pranav_bot_ros2_jazzy/src/new_bot/src/rp2040_hardware_interface.cpp:190:8: error: ‘parse_sensor_data’ was not declared in this scope
  190 |   if (!parse_sensor_data(response))
      |        ^~~~~~~~~~~~~~~~~
/home/fe25/pranav_bot_ros2_jazzy/src/new_bot/src/rp2040_hardware_interface.cpp: In member function ‘virtual hardware_interface::return_type new_bot::RP2040HardwareInterface::write(const rclcpp::Time&, const rclcpp::Duration&)’:
/home/fe25/pranav_bot_ros2_jazzy/src/new_bot/src/rp2040_hardware_interface.cpp:227:40: error: ‘hw_joint_position_commands_’ was not declared in this scope
  227 |       command += "P:" + std::to_string(hw_joint_position_commands_[i]);
      |                                        ^~~~~~~~~~~~~~~~~~~~~~~~~~~
/home/fe25/pranav_bot_ros2_jazzy/src/new_bot/src/rp2040_hardware_interface.cpp:231:40: error: ‘hw_joint_velocity_commands_’ was not declared in this scope
  231 |       command += "V:" + std::to_string(hw_joint_velocity_commands_[i]);
      |                                        ^~~~~~~~~~~~~~~~~~~~~~~~~~~
/home/fe25/pranav_bot_ros2_jazzy/src/new_bot/src/rp2040_hardware_interface.cpp:236:8: error: ‘send_command’ was not declared in this scope; did you mean ‘sendCommand’?
  236 |   if (!send_command(command))
      |        ^~~~~~~~~~~~
      |        sendCommand
/home/fe25/pranav_bot_ros2_jazzy/src/new_bot/src/rp2040_hardware_interface.cpp: At global scope:
/home/fe25/pranav_bot_ros2_jazzy/src/new_bot/src/rp2040_hardware_interface.cpp:245:6: error: no declaration matches ‘bool new_bot::RP2040HardwareInterface::connect_to_rp2040()’
  245 | bool RP2040HardwareInterface::connect_to_rp2040()
      |      ^~~~~~~~~~~~~~~~~~~~~~~
/home/fe25/pranav_bot_ros2_jazzy/src/new_bot/src/rp2040_hardware_interface.cpp:245:6: note: no functions named ‘bool new_bot::RP2040HardwareInterface::connect_to_rp2040()’
/home/fe25/pranav_bot_ros2_jazzy/src/new_bot/include/new_bot/rp2040_hardware_interface.hpp:24:7: note: ‘class new_bot::RP2040HardwareInterface’ defined here
   24 | class RP2040HardwareInterface : public hardware_interface::SystemInterface
      |       ^~~~~~~~~~~~~~~~~~~~~~~
/home/fe25/pranav_bot_ros2_jazzy/src/new_bot/src/rp2040_hardware_interface.cpp:273:6: error: no declaration matches ‘void new_bot::RP2040HardwareInterface::disconnect_from_rp2040()’
  273 | void RP2040HardwareInterface::disconnect_from_rp2040()
      |      ^~~~~~~~~~~~~~~~~~~~~~~
/home/fe25/pranav_bot_ros2_jazzy/src/new_bot/src/rp2040_hardware_interface.cpp:273:6: note: no functions named ‘void new_bot::RP2040HardwareInterface::disconnect_from_rp2040()’
/home/fe25/pranav_bot_ros2_jazzy/src/new_bot/include/new_bot/rp2040_hardware_interface.hpp:24:7: note: ‘class new_bot::RP2040HardwareInterface’ defined here
   24 | class RP2040HardwareInterface : public hardware_interface::SystemInterface
      |       ^~~~~~~~~~~~~~~~~~~~~~~
/home/fe25/pranav_bot_ros2_jazzy/src/new_bot/src/rp2040_hardware_interface.cpp:281:6: error: no declaration matches ‘bool new_bot::RP2040HardwareInterface::send_command(const std::string&)’
  281 | bool RP2040HardwareInterface::send_command(const std::string& command)
      |      ^~~~~~~~~~~~~~~~~~~~~~~
/home/fe25/pranav_bot_ros2_jazzy/src/new_bot/src/rp2040_hardware_interface.cpp:281:6: note: no functions named ‘bool new_bot::RP2040HardwareInterface::send_command(const std::string&)’
/home/fe25/pranav_bot_ros2_jazzy/src/new_bot/include/new_bot/rp2040_hardware_interface.hpp:24:7: note: ‘class new_bot::RP2040HardwareInterface’ defined here
   24 | class RP2040HardwareInterface : public hardware_interface::SystemInterface
      |       ^~~~~~~~~~~~~~~~~~~~~~~
/home/fe25/pranav_bot_ros2_jazzy/src/new_bot/src/rp2040_hardware_interface.cpp:303:13: error: no declaration matches ‘std::string new_bot::RP2040HardwareInterface::receive_response()’
  303 | std::string RP2040HardwareInterface::receive_response()
      |             ^~~~~~~~~~~~~~~~~~~~~~~
/home/fe25/pranav_bot_ros2_jazzy/src/new_bot/src/rp2040_hardware_interface.cpp:303:13: note: no functions named ‘std::string new_bot::RP2040HardwareInterface::receive_response()’
/home/fe25/pranav_bot_ros2_jazzy/src/new_bot/include/new_bot/rp2040_hardware_interface.hpp:24:7: note: ‘class new_bot::RP2040HardwareInterface’ defined here
   24 | class RP2040HardwareInterface : public hardware_interface::SystemInterface
      |       ^~~~~~~~~~~~~~~~~~~~~~~
/home/fe25/pranav_bot_ros2_jazzy/src/new_bot/src/rp2040_hardware_interface.cpp:326:6: error: no declaration matches ‘bool new_bot::RP2040HardwareInterface::parse_sensor_data(const std::string&)’
  326 | bool RP2040HardwareInterface::parse_sensor_data(const std::string& data)
      |      ^~~~~~~~~~~~~~~~~~~~~~~
/home/fe25/pranav_bot_ros2_jazzy/src/new_bot/src/rp2040_hardware_interface.cpp:326:6: note: no functions named ‘bool new_bot::RP2040HardwareInterface::parse_sensor_data(const std::string&)’
/home/fe25/pranav_bot_ros2_jazzy/src/new_bot/include/new_bot/rp2040_hardware_interface.hpp:24:7: note: ‘class new_bot::RP2040HardwareInterface’ defined here
   24 | class RP2040HardwareInterface : public hardware_interface::SystemInterface
      |       ^~~~~~~~~~~~~~~~~~~~~~~
gmake[2]: *** [CMakeFiles/new_bot_hardware_interface.dir/build.make:76: CMakeFiles/new_bot_hardware_interface.dir/src/rp2040_hardware_interface.cpp.o] Error 1
gmake[1]: *** [CMakeFiles/Makefile2:137: CMakeFiles/new_bot_hardware_interface.dir/all] Error 2
gmake: *** [Makefile:146: all] Error 2
