[0.161s] DEBUG:colcon:Command line arguments: ['/usr/bin/colcon', 'build', '--packages-select', 'new_bot', '--cmake-clean-first']
[0.162s] DEBUG:colcon:Parsed command line arguments: Namespace(log_base=None, log_level=None, verb_name='build', build_base='build', install_base='install', merge_install=False, symlink_install=False, test_result_base=None, continue_on_error=False, executor='parallel', parallel_workers=4, event_handlers=None, ignore_user_meta=False, metas=['./colcon.meta'], base_paths=['.'], packages_ignore=None, packages_ignore_regex=None, paths=None, packages_up_to=None, packages_up_to_regex=None, packages_above=None, packages_above_and_dependencies=None, packages_above_depth=None, packages_select_by_dep=None, packages_skip_by_dep=None, packages_skip_up_to=None, packages_select_build_failed=False, packages_skip_build_finished=False, packages_select_test_failures=False, packages_skip_test_passed=False, packages_select=['new_bot'], packages_skip=None, packages_select_regex=None, packages_skip_regex=None, packages_start=None, packages_end=None, allow_overriding=[], cmake_args=None, cmake_target=None, cmake_target_skip_unavailable=False, cmake_clean_cache=False, cmake_clean_first=True, cmake_force_configure=False, ament_cmake_args=None, catkin_cmake_args=None, catkin_skip_building_tests=False, mixin_files=None, mixin=None, verb_parser=<colcon_mixin.mixin.mixin_argument.MixinArgumentDecorator object at 0xffff8cd95850>, verb_extension=<colcon_core.verb.build.BuildVerb object at 0xffff8cf35df0>, main=<bound method BuildVerb.main of <colcon_core.verb.build.BuildVerb object at 0xffff8cf35df0>>, mixin_verb=('build',))
[0.218s] Level 1:colcon.colcon_core.package_discovery:discover_packages(colcon_meta) check parameters
[0.218s] Level 1:colcon.colcon_core.package_discovery:discover_packages(recursive) check parameters
[0.218s] Level 1:colcon.colcon_core.package_discovery:discover_packages(ignore) check parameters
[0.218s] Level 1:colcon.colcon_core.package_discovery:discover_packages(path) check parameters
[0.218s] Level 1:colcon.colcon_core.package_discovery:discover_packages(colcon_meta) discover
[0.218s] Level 1:colcon.colcon_core.package_discovery:discover_packages(recursive) discover
[0.218s] INFO:colcon.colcon_core.package_discovery:Crawling recursively for packages in '/home/fe25/pranav_bot_ros2_jazzy'
[0.219s] Level 1:colcon.colcon_core.package_identification:_identify(.) by extensions ['ignore', 'ignore_ament_install']
[0.219s] Level 1:colcon.colcon_core.package_identification:_identify(.) by extension 'ignore'
[0.219s] Level 1:colcon.colcon_core.package_identification:_identify(.) by extension 'ignore_ament_install'
[0.219s] Level 1:colcon.colcon_core.package_identification:_identify(.) by extensions ['colcon_pkg']
[0.219s] Level 1:colcon.colcon_core.package_identification:_identify(.) by extension 'colcon_pkg'
[0.219s] Level 1:colcon.colcon_core.package_identification:_identify(.) by extensions ['colcon_meta']
[0.219s] Level 1:colcon.colcon_core.package_identification:_identify(.) by extension 'colcon_meta'
[0.219s] Level 1:colcon.colcon_core.package_identification:_identify(.) by extensions ['ros']
[0.219s] Level 1:colcon.colcon_core.package_identification:_identify(.) by extension 'ros'
[0.259s] Level 1:colcon.colcon_core.package_identification:_identify(.) by extensions ['cmake', 'python']
[0.259s] Level 1:colcon.colcon_core.package_identification:_identify(.) by extension 'cmake'
[0.260s] Level 1:colcon.colcon_core.package_identification:_identify(.) by extension 'python'
[0.260s] Level 1:colcon.colcon_core.package_identification:_identify(.) by extensions ['python_setup_py']
[0.260s] Level 1:colcon.colcon_core.package_identification:_identify(.) by extension 'python_setup_py'
[0.260s] Level 1:colcon.colcon_core.package_identification:_identify(build) by extensions ['ignore', 'ignore_ament_install']
[0.260s] Level 1:colcon.colcon_core.package_identification:_identify(build) by extension 'ignore'
[0.260s] Level 1:colcon.colcon_core.package_identification:_identify(build) ignored
[0.260s] Level 1:colcon.colcon_core.package_identification:_identify(install) by extensions ['ignore', 'ignore_ament_install']
[0.260s] Level 1:colcon.colcon_core.package_identification:_identify(install) by extension 'ignore'
[0.260s] Level 1:colcon.colcon_core.package_identification:_identify(install) ignored
[0.261s] Level 1:colcon.colcon_core.package_identification:_identify(log) by extensions ['ignore', 'ignore_ament_install']
[0.261s] Level 1:colcon.colcon_core.package_identification:_identify(log) by extension 'ignore'
[0.261s] Level 1:colcon.colcon_core.package_identification:_identify(log) ignored
[0.261s] Level 1:colcon.colcon_core.package_identification:_identify(src) by extensions ['ignore', 'ignore_ament_install']
[0.261s] Level 1:colcon.colcon_core.package_identification:_identify(src) by extension 'ignore'
[0.261s] Level 1:colcon.colcon_core.package_identification:_identify(src) by extension 'ignore_ament_install'
[0.261s] Level 1:colcon.colcon_core.package_identification:_identify(src) by extensions ['colcon_pkg']
[0.261s] Level 1:colcon.colcon_core.package_identification:_identify(src) by extension 'colcon_pkg'
[0.261s] Level 1:colcon.colcon_core.package_identification:_identify(src) by extensions ['colcon_meta']
[0.261s] Level 1:colcon.colcon_core.package_identification:_identify(src) by extension 'colcon_meta'
[0.261s] Level 1:colcon.colcon_core.package_identification:_identify(src) by extensions ['ros']
[0.261s] Level 1:colcon.colcon_core.package_identification:_identify(src) by extension 'ros'
[0.261s] Level 1:colcon.colcon_core.package_identification:_identify(src) by extensions ['cmake', 'python']
[0.261s] Level 1:colcon.colcon_core.package_identification:_identify(src) by extension 'cmake'
[0.261s] Level 1:colcon.colcon_core.package_identification:_identify(src) by extension 'python'
[0.262s] Level 1:colcon.colcon_core.package_identification:_identify(src) by extensions ['python_setup_py']
[0.262s] Level 1:colcon.colcon_core.package_identification:_identify(src) by extension 'python_setup_py'
[0.262s] Level 1:colcon.colcon_core.package_identification:_identify(src/new_bot) by extensions ['ignore', 'ignore_ament_install']
[0.262s] Level 1:colcon.colcon_core.package_identification:_identify(src/new_bot) by extension 'ignore'
[0.262s] Level 1:colcon.colcon_core.package_identification:_identify(src/new_bot) by extension 'ignore_ament_install'
[0.262s] Level 1:colcon.colcon_core.package_identification:_identify(src/new_bot) by extensions ['colcon_pkg']
[0.262s] Level 1:colcon.colcon_core.package_identification:_identify(src/new_bot) by extension 'colcon_pkg'
[0.262s] Level 1:colcon.colcon_core.package_identification:_identify(src/new_bot) by extensions ['colcon_meta']
[0.262s] Level 1:colcon.colcon_core.package_identification:_identify(src/new_bot) by extension 'colcon_meta'
[0.262s] Level 1:colcon.colcon_core.package_identification:_identify(src/new_bot) by extensions ['ros']
[0.262s] Level 1:colcon.colcon_core.package_identification:_identify(src/new_bot) by extension 'ros'
[0.268s] DEBUG:colcon.colcon_core.package_identification:Package 'src/new_bot' with type 'ros.ament_cmake' and name 'new_bot'
[0.268s] Level 1:colcon.colcon_core.package_discovery:discover_packages(recursive) using defaults
[0.268s] Level 1:colcon.colcon_core.package_discovery:discover_packages(ignore) discover
[0.268s] Level 1:colcon.colcon_core.package_discovery:discover_packages(ignore) using defaults
[0.268s] Level 1:colcon.colcon_core.package_discovery:discover_packages(path) discover
[0.268s] Level 1:colcon.colcon_core.package_discovery:discover_packages(path) using defaults
[0.292s] Level 1:colcon.colcon_core.package_discovery:discover_packages(prefix_path) check parameters
[0.292s] Level 1:colcon.colcon_core.package_discovery:discover_packages(prefix_path) discover
[0.295s] DEBUG:colcon.colcon_installed_package_information.package_discovery:Found 1 installed packages in /home/fe25/pranav_bot_ros2_jazzy/install
[0.297s] DEBUG:colcon.colcon_installed_package_information.package_discovery:Found 383 installed packages in /opt/ros/jazzy
[0.300s] Level 1:colcon.colcon_core.package_discovery:discover_packages(prefix_path) using defaults
[0.374s] Level 5:colcon.colcon_core.verb:set package 'new_bot' build argument 'cmake_args' from command line to 'None'
[0.374s] Level 5:colcon.colcon_core.verb:set package 'new_bot' build argument 'cmake_target' from command line to 'None'
[0.374s] Level 5:colcon.colcon_core.verb:set package 'new_bot' build argument 'cmake_target_skip_unavailable' from command line to 'False'
[0.374s] Level 5:colcon.colcon_core.verb:set package 'new_bot' build argument 'cmake_clean_cache' from command line to 'False'
[0.374s] Level 5:colcon.colcon_core.verb:set package 'new_bot' build argument 'cmake_clean_first' from command line to 'True'
[0.374s] Level 5:colcon.colcon_core.verb:set package 'new_bot' build argument 'cmake_force_configure' from command line to 'False'
[0.374s] Level 5:colcon.colcon_core.verb:set package 'new_bot' build argument 'ament_cmake_args' from command line to 'None'
[0.374s] Level 5:colcon.colcon_core.verb:set package 'new_bot' build argument 'catkin_cmake_args' from command line to 'None'
[0.374s] Level 5:colcon.colcon_core.verb:set package 'new_bot' build argument 'catkin_skip_building_tests' from command line to 'False'
[0.374s] DEBUG:colcon.colcon_core.verb:Building package 'new_bot' with the following arguments: {'ament_cmake_args': None, 'build_base': '/home/fe25/pranav_bot_ros2_jazzy/build/new_bot', 'catkin_cmake_args': None, 'catkin_skip_building_tests': False, 'cmake_args': None, 'cmake_clean_cache': False, 'cmake_clean_first': True, 'cmake_force_configure': False, 'cmake_target': None, 'cmake_target_skip_unavailable': False, 'install_base': '/home/fe25/pranav_bot_ros2_jazzy/install/new_bot', 'merge_install': False, 'path': '/home/fe25/pranav_bot_ros2_jazzy/src/new_bot', 'symlink_install': False, 'test_result_base': None}
[0.375s] INFO:colcon.colcon_core.executor:Executing jobs using 'parallel' executor
[0.376s] DEBUG:colcon.colcon_parallel_executor.executor.parallel:run_until_complete
[0.376s] INFO:colcon.colcon_ros.task.ament_cmake.build:Building ROS package in '/home/fe25/pranav_bot_ros2_jazzy/src/new_bot' with build type 'ament_cmake'
[0.376s] INFO:colcon.colcon_cmake.task.cmake.build:Building CMake package in '/home/fe25/pranav_bot_ros2_jazzy/src/new_bot'
[0.379s] INFO:colcon.colcon_core.plugin_system:Skipping extension 'colcon_core.shell.bat': Not used on non-Windows systems
[0.379s] INFO:colcon.colcon_core.shell:Skip shell extension 'powershell' for command environment: Not usable outside of PowerShell
[0.379s] DEBUG:colcon.colcon_core.shell:Skip shell extension 'dsv' for command environment
[0.392s] DEBUG:colcon.colcon_core.event_handler.log_command:Invoking command in '/home/fe25/pranav_bot_ros2_jazzy/build/new_bot': CMAKE_PREFIX_PATH=${CMAKE_PREFIX_PATH}:/opt/ros/jazzy DEBUGINFOD_URLS=https://debuginfod.ubuntu.com /usr/bin/cmake --build /home/fe25/pranav_bot_ros2_jazzy/build/new_bot --clean-first -- -j4 -l4
[10.696s] DEBUG:colcon.colcon_core.event_handler.log_command:Invoked command in '/home/fe25/pranav_bot_ros2_jazzy/build/new_bot' returned '0': CMAKE_PREFIX_PATH=${CMAKE_PREFIX_PATH}:/opt/ros/jazzy DEBUGINFOD_URLS=https://debuginfod.ubuntu.com /usr/bin/cmake --build /home/fe25/pranav_bot_ros2_jazzy/build/new_bot --clean-first -- -j4 -l4
[10.717s] DEBUG:colcon.colcon_core.event_handler.log_command:Invoking command in '/home/fe25/pranav_bot_ros2_jazzy/build/new_bot': CMAKE_PREFIX_PATH=${CMAKE_PREFIX_PATH}:/opt/ros/jazzy DEBUGINFOD_URLS=https://debuginfod.ubuntu.com /usr/bin/cmake --install /home/fe25/pranav_bot_ros2_jazzy/build/new_bot
[10.769s] Level 1:colcon.colcon_core.environment:create_environment_scripts_only(new_bot)
[10.770s] DEBUG:colcon.colcon_core.event_handler.log_command:Invoked command in '/home/fe25/pranav_bot_ros2_jazzy/build/new_bot' returned '0': CMAKE_PREFIX_PATH=${CMAKE_PREFIX_PATH}:/opt/ros/jazzy DEBUGINFOD_URLS=https://debuginfod.ubuntu.com /usr/bin/cmake --install /home/fe25/pranav_bot_ros2_jazzy/build/new_bot
[10.772s] Level 1:colcon.colcon_core.environment:checking '/home/fe25/pranav_bot_ros2_jazzy/install/new_bot' for CMake module files
[10.773s] Level 1:colcon.colcon_core.environment:checking '/home/fe25/pranav_bot_ros2_jazzy/install/new_bot' for CMake config files
[10.774s] Level 1:colcon.colcon_core.shell:create_environment_hook('new_bot', 'cmake_prefix_path')
[10.774s] INFO:colcon.colcon_core.shell:Creating environment hook '/home/fe25/pranav_bot_ros2_jazzy/install/new_bot/share/new_bot/hook/cmake_prefix_path.ps1'
[10.775s] INFO:colcon.colcon_core.shell:Creating environment descriptor '/home/fe25/pranav_bot_ros2_jazzy/install/new_bot/share/new_bot/hook/cmake_prefix_path.dsv'
[10.776s] INFO:colcon.colcon_core.shell:Creating environment hook '/home/fe25/pranav_bot_ros2_jazzy/install/new_bot/share/new_bot/hook/cmake_prefix_path.sh'
[10.777s] Level 1:colcon.colcon_core.environment:checking '/home/fe25/pranav_bot_ros2_jazzy/install/new_bot/lib'
[10.777s] Level 1:colcon.colcon_core.shell:create_environment_hook('new_bot', 'ld_library_path_lib')
[10.777s] INFO:colcon.colcon_core.shell:Creating environment hook '/home/fe25/pranav_bot_ros2_jazzy/install/new_bot/share/new_bot/hook/ld_library_path_lib.ps1'
[10.778s] INFO:colcon.colcon_core.shell:Creating environment descriptor '/home/fe25/pranav_bot_ros2_jazzy/install/new_bot/share/new_bot/hook/ld_library_path_lib.dsv'
[10.782s] INFO:colcon.colcon_core.shell:Creating environment hook '/home/fe25/pranav_bot_ros2_jazzy/install/new_bot/share/new_bot/hook/ld_library_path_lib.sh'
[10.784s] Level 1:colcon.colcon_core.environment:checking '/home/fe25/pranav_bot_ros2_jazzy/install/new_bot/bin'
[10.784s] Level 1:colcon.colcon_core.environment:checking '/home/fe25/pranav_bot_ros2_jazzy/install/new_bot/lib/pkgconfig/new_bot.pc'
[10.784s] Level 1:colcon.colcon_core.environment:checking '/home/fe25/pranav_bot_ros2_jazzy/install/new_bot/lib/python3.12/site-packages'
[10.785s] Level 1:colcon.colcon_core.environment:checking '/home/fe25/pranav_bot_ros2_jazzy/install/new_bot/bin'
[10.785s] INFO:colcon.colcon_core.shell:Creating package script '/home/fe25/pranav_bot_ros2_jazzy/install/new_bot/share/new_bot/package.ps1'
[10.786s] INFO:colcon.colcon_core.shell:Creating package descriptor '/home/fe25/pranav_bot_ros2_jazzy/install/new_bot/share/new_bot/package.dsv'
[10.787s] INFO:colcon.colcon_core.shell:Creating package script '/home/fe25/pranav_bot_ros2_jazzy/install/new_bot/share/new_bot/package.sh'
[10.788s] INFO:colcon.colcon_core.shell:Creating package script '/home/fe25/pranav_bot_ros2_jazzy/install/new_bot/share/new_bot/package.bash'
[10.789s] INFO:colcon.colcon_core.shell:Creating package script '/home/fe25/pranav_bot_ros2_jazzy/install/new_bot/share/new_bot/package.zsh'
[10.791s] Level 1:colcon.colcon_core.environment:create_file_with_runtime_dependencies(/home/fe25/pranav_bot_ros2_jazzy/install/new_bot/share/colcon-core/packages/new_bot)
[10.794s] Level 1:colcon.colcon_core.environment:create_environment_scripts_only(new_bot)
[10.794s] Level 1:colcon.colcon_core.environment:checking '/home/fe25/pranav_bot_ros2_jazzy/install/new_bot' for CMake module files
[10.795s] Level 1:colcon.colcon_core.environment:checking '/home/fe25/pranav_bot_ros2_jazzy/install/new_bot' for CMake config files
[10.795s] Level 1:colcon.colcon_core.shell:create_environment_hook('new_bot', 'cmake_prefix_path')
[10.796s] INFO:colcon.colcon_core.shell:Creating environment hook '/home/fe25/pranav_bot_ros2_jazzy/install/new_bot/share/new_bot/hook/cmake_prefix_path.ps1'
[10.796s] INFO:colcon.colcon_core.shell:Creating environment descriptor '/home/fe25/pranav_bot_ros2_jazzy/install/new_bot/share/new_bot/hook/cmake_prefix_path.dsv'
[10.797s] INFO:colcon.colcon_core.shell:Creating environment hook '/home/fe25/pranav_bot_ros2_jazzy/install/new_bot/share/new_bot/hook/cmake_prefix_path.sh'
[10.799s] Level 1:colcon.colcon_core.environment:checking '/home/fe25/pranav_bot_ros2_jazzy/install/new_bot/lib'
[10.799s] Level 1:colcon.colcon_core.shell:create_environment_hook('new_bot', 'ld_library_path_lib')
[10.799s] INFO:colcon.colcon_core.shell:Creating environment hook '/home/fe25/pranav_bot_ros2_jazzy/install/new_bot/share/new_bot/hook/ld_library_path_lib.ps1'
[10.801s] INFO:colcon.colcon_core.shell:Creating environment descriptor '/home/fe25/pranav_bot_ros2_jazzy/install/new_bot/share/new_bot/hook/ld_library_path_lib.dsv'
[10.802s] INFO:colcon.colcon_core.shell:Creating environment hook '/home/fe25/pranav_bot_ros2_jazzy/install/new_bot/share/new_bot/hook/ld_library_path_lib.sh'
[10.804s] Level 1:colcon.colcon_core.environment:checking '/home/fe25/pranav_bot_ros2_jazzy/install/new_bot/bin'
[10.804s] Level 1:colcon.colcon_core.environment:checking '/home/fe25/pranav_bot_ros2_jazzy/install/new_bot/lib/pkgconfig/new_bot.pc'
[10.804s] Level 1:colcon.colcon_core.environment:checking '/home/fe25/pranav_bot_ros2_jazzy/install/new_bot/lib/python3.12/site-packages'
[10.804s] Level 1:colcon.colcon_core.environment:checking '/home/fe25/pranav_bot_ros2_jazzy/install/new_bot/bin'
[10.805s] INFO:colcon.colcon_core.shell:Creating package script '/home/fe25/pranav_bot_ros2_jazzy/install/new_bot/share/new_bot/package.ps1'
[10.806s] INFO:colcon.colcon_core.shell:Creating package descriptor '/home/fe25/pranav_bot_ros2_jazzy/install/new_bot/share/new_bot/package.dsv'
[10.808s] INFO:colcon.colcon_core.shell:Creating package script '/home/fe25/pranav_bot_ros2_jazzy/install/new_bot/share/new_bot/package.sh'
[10.809s] INFO:colcon.colcon_core.shell:Creating package script '/home/fe25/pranav_bot_ros2_jazzy/install/new_bot/share/new_bot/package.bash'
[10.811s] INFO:colcon.colcon_core.shell:Creating package script '/home/fe25/pranav_bot_ros2_jazzy/install/new_bot/share/new_bot/package.zsh'
[10.812s] Level 1:colcon.colcon_core.environment:create_file_with_runtime_dependencies(/home/fe25/pranav_bot_ros2_jazzy/install/new_bot/share/colcon-core/packages/new_bot)
[10.813s] DEBUG:colcon.colcon_parallel_executor.executor.parallel:closing loop
[10.814s] DEBUG:colcon.colcon_parallel_executor.executor.parallel:loop closed
[10.814s] DEBUG:colcon.colcon_parallel_executor.executor.parallel:run_until_complete finished with '0'
[10.814s] DEBUG:colcon.colcon_core.event_reactor:joining thread
[10.823s] INFO:colcon.colcon_core.plugin_system:Skipping extension 'colcon_notification.desktop_notification.terminal_notifier': Not used on non-Darwin systems
[10.824s] INFO:colcon.colcon_core.plugin_system:Skipping extension 'colcon_notification.desktop_notification.win32': Not used on non-Windows systems
[10.824s] INFO:colcon.colcon_notification.desktop_notification:Sending desktop notification using 'notify2'
[10.825s] DEBUG:colcon.colcon_notification.desktop_notification.notify2:Failed to initialize notify2: org.freedesktop.DBus.Error.ServiceUnknown: The name org.freedesktop.Notifications was not provided by any .service files
[10.825s] DEBUG:colcon.colcon_core.event_reactor:joined thread
[10.826s] INFO:colcon.colcon_core.shell:Creating prefix script '/home/fe25/pranav_bot_ros2_jazzy/install/local_setup.ps1'
[10.827s] INFO:colcon.colcon_core.shell:Creating prefix util module '/home/fe25/pranav_bot_ros2_jazzy/install/_local_setup_util_ps1.py'
[10.829s] INFO:colcon.colcon_core.shell:Creating prefix chain script '/home/fe25/pranav_bot_ros2_jazzy/install/setup.ps1'
[10.831s] INFO:colcon.colcon_core.shell:Creating prefix script '/home/fe25/pranav_bot_ros2_jazzy/install/local_setup.sh'
[10.831s] INFO:colcon.colcon_core.shell:Creating prefix util module '/home/fe25/pranav_bot_ros2_jazzy/install/_local_setup_util_sh.py'
[10.832s] INFO:colcon.colcon_core.shell:Creating prefix chain script '/home/fe25/pranav_bot_ros2_jazzy/install/setup.sh'
[10.834s] INFO:colcon.colcon_core.shell:Creating prefix script '/home/fe25/pranav_bot_ros2_jazzy/install/local_setup.bash'
[10.835s] INFO:colcon.colcon_core.shell:Creating prefix chain script '/home/fe25/pranav_bot_ros2_jazzy/install/setup.bash'
[10.836s] INFO:colcon.colcon_core.shell:Creating prefix script '/home/fe25/pranav_bot_ros2_jazzy/install/local_setup.zsh'
[10.838s] INFO:colcon.colcon_core.shell:Creating prefix chain script '/home/fe25/pranav_bot_ros2_jazzy/install/setup.zsh'
