[0.162s] DEBUG:colcon:Command line arguments: ['/usr/bin/colcon', 'build', '--packages-select', 'new_bot']
[0.162s] DEBUG:colcon:Parsed command line arguments: Namespace(log_base=None, log_level=None, verb_name='build', build_base='build', install_base='install', merge_install=False, symlink_install=False, test_result_base=None, continue_on_error=False, executor='parallel', parallel_workers=4, event_handlers=None, ignore_user_meta=False, metas=['./colcon.meta'], base_paths=['.'], packages_ignore=None, packages_ignore_regex=None, paths=None, packages_up_to=None, packages_up_to_regex=None, packages_above=None, packages_above_and_dependencies=None, packages_above_depth=None, packages_select_by_dep=None, packages_skip_by_dep=None, packages_skip_up_to=None, packages_select_build_failed=False, packages_skip_build_finished=False, packages_select_test_failures=False, packages_skip_test_passed=False, packages_select=['new_bot'], packages_skip=None, packages_select_regex=None, packages_skip_regex=None, packages_start=None, packages_end=None, allow_overriding=[], cmake_args=None, cmake_target=None, cmake_target_skip_unavailable=False, cmake_clean_cache=False, cmake_clean_first=False, cmake_force_configure=False, ament_cmake_args=None, catkin_cmake_args=None, catkin_skip_building_tests=False, mixin_files=None, mixin=None, verb_parser=<colcon_mixin.mixin.mixin_argument.MixinArgumentDecorator object at 0xffffb51118b0>, verb_extension=<colcon_core.verb.build.BuildVerb object at 0xffffb52b1fd0>, main=<bound method BuildVerb.main of <colcon_core.verb.build.BuildVerb object at 0xffffb52b1fd0>>, mixin_verb=('build',))
[0.313s] Level 1:colcon.colcon_core.package_discovery:discover_packages(colcon_meta) check parameters
[0.313s] Level 1:colcon.colcon_core.package_discovery:discover_packages(recursive) check parameters
[0.313s] Level 1:colcon.colcon_core.package_discovery:discover_packages(ignore) check parameters
[0.313s] Level 1:colcon.colcon_core.package_discovery:discover_packages(path) check parameters
[0.314s] Level 1:colcon.colcon_core.package_discovery:discover_packages(colcon_meta) discover
[0.314s] Level 1:colcon.colcon_core.package_discovery:discover_packages(recursive) discover
[0.314s] INFO:colcon.colcon_core.package_discovery:Crawling recursively for packages in '/home/fe25/pranav_bot_ros2_jazzy'
[0.314s] Level 1:colcon.colcon_core.package_identification:_identify(.) by extensions ['ignore', 'ignore_ament_install']
[0.314s] Level 1:colcon.colcon_core.package_identification:_identify(.) by extension 'ignore'
[0.314s] Level 1:colcon.colcon_core.package_identification:_identify(.) by extension 'ignore_ament_install'
[0.314s] Level 1:colcon.colcon_core.package_identification:_identify(.) by extensions ['colcon_pkg']
[0.314s] Level 1:colcon.colcon_core.package_identification:_identify(.) by extension 'colcon_pkg'
[0.314s] Level 1:colcon.colcon_core.package_identification:_identify(.) by extensions ['colcon_meta']
[0.314s] Level 1:colcon.colcon_core.package_identification:_identify(.) by extension 'colcon_meta'
[0.314s] Level 1:colcon.colcon_core.package_identification:_identify(.) by extensions ['ros']
[0.314s] Level 1:colcon.colcon_core.package_identification:_identify(.) by extension 'ros'
[0.376s] Level 1:colcon.colcon_core.package_identification:_identify(.) by extensions ['cmake', 'python']
[0.376s] Level 1:colcon.colcon_core.package_identification:_identify(.) by extension 'cmake'
[0.376s] Level 1:colcon.colcon_core.package_identification:_identify(.) by extension 'python'
[0.376s] Level 1:colcon.colcon_core.package_identification:_identify(.) by extensions ['python_setup_py']
[0.376s] Level 1:colcon.colcon_core.package_identification:_identify(.) by extension 'python_setup_py'
[0.376s] Level 1:colcon.colcon_core.package_identification:_identify(build) by extensions ['ignore', 'ignore_ament_install']
[0.376s] Level 1:colcon.colcon_core.package_identification:_identify(build) by extension 'ignore'
[0.376s] Level 1:colcon.colcon_core.package_identification:_identify(build) ignored
[0.376s] Level 1:colcon.colcon_core.package_identification:_identify(install) by extensions ['ignore', 'ignore_ament_install']
[0.376s] Level 1:colcon.colcon_core.package_identification:_identify(install) by extension 'ignore'
[0.377s] Level 1:colcon.colcon_core.package_identification:_identify(install) ignored
[0.377s] Level 1:colcon.colcon_core.package_identification:_identify(log) by extensions ['ignore', 'ignore_ament_install']
[0.377s] Level 1:colcon.colcon_core.package_identification:_identify(log) by extension 'ignore'
[0.377s] Level 1:colcon.colcon_core.package_identification:_identify(log) ignored
[0.377s] Level 1:colcon.colcon_core.package_identification:_identify(src) by extensions ['ignore', 'ignore_ament_install']
[0.377s] Level 1:colcon.colcon_core.package_identification:_identify(src) by extension 'ignore'
[0.377s] Level 1:colcon.colcon_core.package_identification:_identify(src) by extension 'ignore_ament_install'
[0.377s] Level 1:colcon.colcon_core.package_identification:_identify(src) by extensions ['colcon_pkg']
[0.377s] Level 1:colcon.colcon_core.package_identification:_identify(src) by extension 'colcon_pkg'
[0.377s] Level 1:colcon.colcon_core.package_identification:_identify(src) by extensions ['colcon_meta']
[0.377s] Level 1:colcon.colcon_core.package_identification:_identify(src) by extension 'colcon_meta'
[0.377s] Level 1:colcon.colcon_core.package_identification:_identify(src) by extensions ['ros']
[0.377s] Level 1:colcon.colcon_core.package_identification:_identify(src) by extension 'ros'
[0.377s] Level 1:colcon.colcon_core.package_identification:_identify(src) by extensions ['cmake', 'python']
[0.377s] Level 1:colcon.colcon_core.package_identification:_identify(src) by extension 'cmake'
[0.378s] Level 1:colcon.colcon_core.package_identification:_identify(src) by extension 'python'
[0.378s] Level 1:colcon.colcon_core.package_identification:_identify(src) by extensions ['python_setup_py']
[0.378s] Level 1:colcon.colcon_core.package_identification:_identify(src) by extension 'python_setup_py'
[0.378s] Level 1:colcon.colcon_core.package_identification:_identify(src/new_bot) by extensions ['ignore', 'ignore_ament_install']
[0.378s] Level 1:colcon.colcon_core.package_identification:_identify(src/new_bot) by extension 'ignore'
[0.378s] Level 1:colcon.colcon_core.package_identification:_identify(src/new_bot) by extension 'ignore_ament_install'
[0.378s] Level 1:colcon.colcon_core.package_identification:_identify(src/new_bot) by extensions ['colcon_pkg']
[0.378s] Level 1:colcon.colcon_core.package_identification:_identify(src/new_bot) by extension 'colcon_pkg'
[0.378s] Level 1:colcon.colcon_core.package_identification:_identify(src/new_bot) by extensions ['colcon_meta']
[0.378s] Level 1:colcon.colcon_core.package_identification:_identify(src/new_bot) by extension 'colcon_meta'
[0.378s] Level 1:colcon.colcon_core.package_identification:_identify(src/new_bot) by extensions ['ros']
[0.378s] Level 1:colcon.colcon_core.package_identification:_identify(src/new_bot) by extension 'ros'
[0.386s] DEBUG:colcon.colcon_core.package_identification:Package 'src/new_bot' with type 'ros.ament_cmake' and name 'new_bot'
[0.386s] Level 1:colcon.colcon_core.package_discovery:discover_packages(recursive) using defaults
[0.386s] Level 1:colcon.colcon_core.package_discovery:discover_packages(ignore) discover
[0.386s] Level 1:colcon.colcon_core.package_discovery:discover_packages(ignore) using defaults
[0.386s] Level 1:colcon.colcon_core.package_discovery:discover_packages(path) discover
[0.386s] Level 1:colcon.colcon_core.package_discovery:discover_packages(path) using defaults
[0.427s] Level 1:colcon.colcon_core.package_discovery:discover_packages(prefix_path) check parameters
[0.427s] Level 1:colcon.colcon_core.package_discovery:discover_packages(prefix_path) discover
[0.438s] DEBUG:colcon.colcon_installed_package_information.package_discovery:Found 381 installed packages in /opt/ros/jazzy
[0.441s] Level 1:colcon.colcon_core.package_discovery:discover_packages(prefix_path) using defaults
[0.518s] Level 5:colcon.colcon_core.verb:set package 'new_bot' build argument 'cmake_args' from command line to 'None'
[0.518s] Level 5:colcon.colcon_core.verb:set package 'new_bot' build argument 'cmake_target' from command line to 'None'
[0.518s] Level 5:colcon.colcon_core.verb:set package 'new_bot' build argument 'cmake_target_skip_unavailable' from command line to 'False'
[0.518s] Level 5:colcon.colcon_core.verb:set package 'new_bot' build argument 'cmake_clean_cache' from command line to 'False'
[0.518s] Level 5:colcon.colcon_core.verb:set package 'new_bot' build argument 'cmake_clean_first' from command line to 'False'
[0.518s] Level 5:colcon.colcon_core.verb:set package 'new_bot' build argument 'cmake_force_configure' from command line to 'False'
[0.518s] Level 5:colcon.colcon_core.verb:set package 'new_bot' build argument 'ament_cmake_args' from command line to 'None'
[0.518s] Level 5:colcon.colcon_core.verb:set package 'new_bot' build argument 'catkin_cmake_args' from command line to 'None'
[0.518s] Level 5:colcon.colcon_core.verb:set package 'new_bot' build argument 'catkin_skip_building_tests' from command line to 'False'
[0.518s] DEBUG:colcon.colcon_core.verb:Building package 'new_bot' with the following arguments: {'ament_cmake_args': None, 'build_base': '/home/fe25/pranav_bot_ros2_jazzy/build/new_bot', 'catkin_cmake_args': None, 'catkin_skip_building_tests': False, 'cmake_args': None, 'cmake_clean_cache': False, 'cmake_clean_first': False, 'cmake_force_configure': False, 'cmake_target': None, 'cmake_target_skip_unavailable': False, 'install_base': '/home/fe25/pranav_bot_ros2_jazzy/install/new_bot', 'merge_install': False, 'path': '/home/fe25/pranav_bot_ros2_jazzy/src/new_bot', 'symlink_install': False, 'test_result_base': None}
[0.518s] INFO:colcon.colcon_core.executor:Executing jobs using 'parallel' executor
[0.520s] DEBUG:colcon.colcon_parallel_executor.executor.parallel:run_until_complete
[0.520s] INFO:colcon.colcon_ros.task.ament_cmake.build:Building ROS package in '/home/fe25/pranav_bot_ros2_jazzy/src/new_bot' with build type 'ament_cmake'
[0.520s] INFO:colcon.colcon_cmake.task.cmake.build:Building CMake package in '/home/fe25/pranav_bot_ros2_jazzy/src/new_bot'
[0.533s] INFO:colcon.colcon_core.plugin_system:Skipping extension 'colcon_core.shell.bat': Not used on non-Windows systems
[0.534s] INFO:colcon.colcon_core.shell:Skip shell extension 'powershell' for command environment: Not usable outside of PowerShell
[0.534s] DEBUG:colcon.colcon_core.shell:Skip shell extension 'dsv' for command environment
[0.548s] DEBUG:colcon.colcon_core.event_handler.log_command:Invoking command in '/home/fe25/pranav_bot_ros2_jazzy/build/new_bot': CMAKE_PREFIX_PATH=${CMAKE_PREFIX_PATH}:/opt/ros/jazzy DEBUGINFOD_URLS=https://debuginfod.ubuntu.com /usr/bin/cmake /home/fe25/pranav_bot_ros2_jazzy/src/new_bot -DCMAKE_INSTALL_PREFIX=/home/fe25/pranav_bot_ros2_jazzy/install/new_bot
[3.043s] DEBUG:colcon.colcon_core.event_handler.log_command:Invoked command in '/home/fe25/pranav_bot_ros2_jazzy/build/new_bot' returned '0': CMAKE_PREFIX_PATH=${CMAKE_PREFIX_PATH}:/opt/ros/jazzy DEBUGINFOD_URLS=https://debuginfod.ubuntu.com /usr/bin/cmake /home/fe25/pranav_bot_ros2_jazzy/src/new_bot -DCMAKE_INSTALL_PREFIX=/home/fe25/pranav_bot_ros2_jazzy/install/new_bot
[3.045s] DEBUG:colcon.colcon_core.event_handler.log_command:Invoking command in '/home/fe25/pranav_bot_ros2_jazzy/build/new_bot': CMAKE_PREFIX_PATH=${CMAKE_PREFIX_PATH}:/opt/ros/jazzy DEBUGINFOD_URLS=https://debuginfod.ubuntu.com /usr/bin/cmake --build /home/fe25/pranav_bot_ros2_jazzy/build/new_bot -- -j4 -l4
[13.104s] DEBUG:colcon.colcon_core.event_handler.log_command:Invoked command in '/home/fe25/pranav_bot_ros2_jazzy/build/new_bot' returned '0': CMAKE_PREFIX_PATH=${CMAKE_PREFIX_PATH}:/opt/ros/jazzy DEBUGINFOD_URLS=https://debuginfod.ubuntu.com /usr/bin/cmake --build /home/fe25/pranav_bot_ros2_jazzy/build/new_bot -- -j4 -l4
[13.126s] DEBUG:colcon.colcon_core.event_handler.log_command:Invoking command in '/home/fe25/pranav_bot_ros2_jazzy/build/new_bot': CMAKE_PREFIX_PATH=${CMAKE_PREFIX_PATH}:/opt/ros/jazzy DEBUGINFOD_URLS=https://debuginfod.ubuntu.com /usr/bin/cmake --install /home/fe25/pranav_bot_ros2_jazzy/build/new_bot
[13.369s] Level 1:colcon.colcon_core.environment:create_environment_scripts_only(new_bot)
[13.369s] DEBUG:colcon.colcon_core.event_handler.log_command:Invoked command in '/home/fe25/pranav_bot_ros2_jazzy/build/new_bot' returned '0': CMAKE_PREFIX_PATH=${CMAKE_PREFIX_PATH}:/opt/ros/jazzy DEBUGINFOD_URLS=https://debuginfod.ubuntu.com /usr/bin/cmake --install /home/fe25/pranav_bot_ros2_jazzy/build/new_bot
[13.380s] Level 1:colcon.colcon_core.environment:checking '/home/fe25/pranav_bot_ros2_jazzy/install/new_bot' for CMake module files
[13.381s] Level 1:colcon.colcon_core.environment:checking '/home/fe25/pranav_bot_ros2_jazzy/install/new_bot' for CMake config files
[13.382s] Level 1:colcon.colcon_core.shell:create_environment_hook('new_bot', 'cmake_prefix_path')
[13.382s] INFO:colcon.colcon_core.shell:Creating environment hook '/home/fe25/pranav_bot_ros2_jazzy/install/new_bot/share/new_bot/hook/cmake_prefix_path.ps1'
[13.384s] INFO:colcon.colcon_core.shell:Creating environment descriptor '/home/fe25/pranav_bot_ros2_jazzy/install/new_bot/share/new_bot/hook/cmake_prefix_path.dsv'
[13.385s] INFO:colcon.colcon_core.shell:Creating environment hook '/home/fe25/pranav_bot_ros2_jazzy/install/new_bot/share/new_bot/hook/cmake_prefix_path.sh'
[13.388s] Level 1:colcon.colcon_core.environment:checking '/home/fe25/pranav_bot_ros2_jazzy/install/new_bot/lib'
[13.388s] Level 1:colcon.colcon_core.shell:create_environment_hook('new_bot', 'ld_library_path_lib')
[13.388s] INFO:colcon.colcon_core.shell:Creating environment hook '/home/fe25/pranav_bot_ros2_jazzy/install/new_bot/share/new_bot/hook/ld_library_path_lib.ps1'
[13.389s] INFO:colcon.colcon_core.shell:Creating environment descriptor '/home/fe25/pranav_bot_ros2_jazzy/install/new_bot/share/new_bot/hook/ld_library_path_lib.dsv'
[13.390s] INFO:colcon.colcon_core.shell:Creating environment hook '/home/fe25/pranav_bot_ros2_jazzy/install/new_bot/share/new_bot/hook/ld_library_path_lib.sh'
[13.390s] Level 1:colcon.colcon_core.environment:checking '/home/fe25/pranav_bot_ros2_jazzy/install/new_bot/bin'
[13.391s] Level 1:colcon.colcon_core.environment:checking '/home/fe25/pranav_bot_ros2_jazzy/install/new_bot/lib/pkgconfig/new_bot.pc'
[13.391s] Level 1:colcon.colcon_core.environment:checking '/home/fe25/pranav_bot_ros2_jazzy/install/new_bot/lib/python3.12/site-packages'
[13.391s] Level 1:colcon.colcon_core.environment:checking '/home/fe25/pranav_bot_ros2_jazzy/install/new_bot/bin'
[13.392s] INFO:colcon.colcon_core.shell:Creating package script '/home/fe25/pranav_bot_ros2_jazzy/install/new_bot/share/new_bot/package.ps1'
[13.393s] INFO:colcon.colcon_core.shell:Creating package descriptor '/home/fe25/pranav_bot_ros2_jazzy/install/new_bot/share/new_bot/package.dsv'
[13.395s] INFO:colcon.colcon_core.shell:Creating package script '/home/fe25/pranav_bot_ros2_jazzy/install/new_bot/share/new_bot/package.sh'
[13.396s] INFO:colcon.colcon_core.shell:Creating package script '/home/fe25/pranav_bot_ros2_jazzy/install/new_bot/share/new_bot/package.bash'
[13.399s] INFO:colcon.colcon_core.shell:Creating package script '/home/fe25/pranav_bot_ros2_jazzy/install/new_bot/share/new_bot/package.zsh'
[13.402s] Level 1:colcon.colcon_core.environment:create_file_with_runtime_dependencies(/home/fe25/pranav_bot_ros2_jazzy/install/new_bot/share/colcon-core/packages/new_bot)
[13.403s] Level 1:colcon.colcon_core.environment:create_environment_scripts_only(new_bot)
[13.404s] Level 1:colcon.colcon_core.environment:checking '/home/fe25/pranav_bot_ros2_jazzy/install/new_bot' for CMake module files
[13.405s] Level 1:colcon.colcon_core.environment:checking '/home/fe25/pranav_bot_ros2_jazzy/install/new_bot' for CMake config files
[13.405s] Level 1:colcon.colcon_core.shell:create_environment_hook('new_bot', 'cmake_prefix_path')
[13.405s] INFO:colcon.colcon_core.shell:Creating environment hook '/home/fe25/pranav_bot_ros2_jazzy/install/new_bot/share/new_bot/hook/cmake_prefix_path.ps1'
[13.406s] INFO:colcon.colcon_core.shell:Creating environment descriptor '/home/fe25/pranav_bot_ros2_jazzy/install/new_bot/share/new_bot/hook/cmake_prefix_path.dsv'
[13.407s] INFO:colcon.colcon_core.shell:Creating environment hook '/home/fe25/pranav_bot_ros2_jazzy/install/new_bot/share/new_bot/hook/cmake_prefix_path.sh'
[13.408s] Level 1:colcon.colcon_core.environment:checking '/home/fe25/pranav_bot_ros2_jazzy/install/new_bot/lib'
[13.408s] Level 1:colcon.colcon_core.shell:create_environment_hook('new_bot', 'ld_library_path_lib')
[13.408s] INFO:colcon.colcon_core.shell:Creating environment hook '/home/fe25/pranav_bot_ros2_jazzy/install/new_bot/share/new_bot/hook/ld_library_path_lib.ps1'
[13.409s] INFO:colcon.colcon_core.shell:Creating environment descriptor '/home/fe25/pranav_bot_ros2_jazzy/install/new_bot/share/new_bot/hook/ld_library_path_lib.dsv'
[13.409s] INFO:colcon.colcon_core.shell:Creating environment hook '/home/fe25/pranav_bot_ros2_jazzy/install/new_bot/share/new_bot/hook/ld_library_path_lib.sh'
[13.410s] Level 1:colcon.colcon_core.environment:checking '/home/fe25/pranav_bot_ros2_jazzy/install/new_bot/bin'
[13.410s] Level 1:colcon.colcon_core.environment:checking '/home/fe25/pranav_bot_ros2_jazzy/install/new_bot/lib/pkgconfig/new_bot.pc'
[13.411s] Level 1:colcon.colcon_core.environment:checking '/home/fe25/pranav_bot_ros2_jazzy/install/new_bot/lib/python3.12/site-packages'
[13.411s] Level 1:colcon.colcon_core.environment:checking '/home/fe25/pranav_bot_ros2_jazzy/install/new_bot/bin'
[13.411s] INFO:colcon.colcon_core.shell:Creating package script '/home/fe25/pranav_bot_ros2_jazzy/install/new_bot/share/new_bot/package.ps1'
[13.412s] INFO:colcon.colcon_core.shell:Creating package descriptor '/home/fe25/pranav_bot_ros2_jazzy/install/new_bot/share/new_bot/package.dsv'
[13.413s] INFO:colcon.colcon_core.shell:Creating package script '/home/fe25/pranav_bot_ros2_jazzy/install/new_bot/share/new_bot/package.sh'
[13.414s] INFO:colcon.colcon_core.shell:Creating package script '/home/fe25/pranav_bot_ros2_jazzy/install/new_bot/share/new_bot/package.bash'
[13.415s] INFO:colcon.colcon_core.shell:Creating package script '/home/fe25/pranav_bot_ros2_jazzy/install/new_bot/share/new_bot/package.zsh'
[13.415s] Level 1:colcon.colcon_core.environment:create_file_with_runtime_dependencies(/home/fe25/pranav_bot_ros2_jazzy/install/new_bot/share/colcon-core/packages/new_bot)
[13.416s] DEBUG:colcon.colcon_parallel_executor.executor.parallel:closing loop
[13.417s] DEBUG:colcon.colcon_parallel_executor.executor.parallel:loop closed
[13.417s] DEBUG:colcon.colcon_parallel_executor.executor.parallel:run_until_complete finished with '0'
[13.417s] DEBUG:colcon.colcon_core.event_reactor:joining thread
[13.428s] INFO:colcon.colcon_core.plugin_system:Skipping extension 'colcon_notification.desktop_notification.terminal_notifier': Not used on non-Darwin systems
[13.428s] INFO:colcon.colcon_core.plugin_system:Skipping extension 'colcon_notification.desktop_notification.win32': Not used on non-Windows systems
[13.428s] INFO:colcon.colcon_notification.desktop_notification:Sending desktop notification using 'notify2'
[13.430s] DEBUG:colcon.colcon_notification.desktop_notification.notify2:Failed to initialize notify2: org.freedesktop.DBus.Error.ServiceUnknown: The name org.freedesktop.Notifications was not provided by any .service files
[13.430s] DEBUG:colcon.colcon_core.event_reactor:joined thread
[13.430s] INFO:colcon.colcon_core.shell:Creating prefix script '/home/fe25/pranav_bot_ros2_jazzy/install/local_setup.ps1'
[13.432s] INFO:colcon.colcon_core.shell:Creating prefix util module '/home/fe25/pranav_bot_ros2_jazzy/install/_local_setup_util_ps1.py'
[13.435s] INFO:colcon.colcon_core.shell:Creating prefix chain script '/home/fe25/pranav_bot_ros2_jazzy/install/setup.ps1'
[13.437s] INFO:colcon.colcon_core.shell:Creating prefix script '/home/fe25/pranav_bot_ros2_jazzy/install/local_setup.sh'
[13.439s] INFO:colcon.colcon_core.shell:Creating prefix util module '/home/fe25/pranav_bot_ros2_jazzy/install/_local_setup_util_sh.py'
[13.440s] INFO:colcon.colcon_core.shell:Creating prefix chain script '/home/fe25/pranav_bot_ros2_jazzy/install/setup.sh'
[13.443s] INFO:colcon.colcon_core.shell:Creating prefix script '/home/fe25/pranav_bot_ros2_jazzy/install/local_setup.bash'
[13.444s] INFO:colcon.colcon_core.shell:Creating prefix chain script '/home/fe25/pranav_bot_ros2_jazzy/install/setup.bash'
[13.446s] INFO:colcon.colcon_core.shell:Creating prefix script '/home/fe25/pranav_bot_ros2_jazzy/install/local_setup.zsh'
[13.448s] INFO:colcon.colcon_core.shell:Creating prefix chain script '/home/fe25/pranav_bot_ros2_jazzy/install/setup.zsh'
