[0.016s] Invoking command in '/home/fe25/pranav_bot_ros2_jazzy/build/new_bot': CMAKE_PREFIX_PATH=${CMAKE_PREFIX_PATH}:/opt/ros/jazzy DEBUGINFOD_URLS=https://debuginfod.ubuntu.com /usr/bin/cmake --build /home/fe25/pranav_bot_ros2_jazzy/build/new_bot -- -j4 -l4
[0.143s] [100%] Built target new_bot_hardware_interface
[0.165s] Invoked command in '/home/fe25/pranav_bot_ros2_jazzy/build/new_bot' returned '0': CMAKE_PREFIX_PATH=${CMAKE_PREFIX_PATH}:/opt/ros/jazzy DEBUGINFOD_URLS=https://debuginfod.ubuntu.com /usr/bin/cmake --build /home/fe25/pranav_bot_ros2_jazzy/build/new_bot -- -j4 -l4
[0.185s] Invoking command in '/home/fe25/pranav_bot_ros2_jazzy/build/new_bot': CMAKE_PREFIX_PATH=${CMAKE_PREFIX_PATH}:/opt/ros/jazzy DEBUGINFOD_URLS=https://debuginfod.ubuntu.com /usr/bin/cmake --install /home/fe25/pranav_bot_ros2_jazzy/build/new_bot
[0.206s] -- Install configuration: ""
[0.206s] -- Execute custom install script
[0.207s] -- Up-to-date symlink: /home/fe25/pranav_bot_ros2_jazzy/install/new_bot/share/new_bot//new_bot_hardware_interface.xml
[0.207s] -- Up-to-date symlink: /home/fe25/pranav_bot_ros2_jazzy/install/new_bot/include/new_bot/rp2040_hardware_interface.hpp
[0.208s] -- Up-to-date symlink: /home/fe25/pranav_bot_ros2_jazzy/install/new_bot/share/new_bot/config/controllers.yaml
[0.208s] -- Up-to-date symlink: /home/fe25/pranav_bot_ros2_jazzy/install/new_bot/share/new_bot/config/robot_view.rviz
[0.208s] -- Up-to-date symlink: /home/fe25/pranav_bot_ros2_jazzy/install/new_bot/share/new_bot/description/inertial_macros.xacro
[0.208s] -- Up-to-date symlink: /home/fe25/pranav_bot_ros2_jazzy/install/new_bot/share/new_bot/description/lidar.xacro
[0.208s] -- Up-to-date symlink: /home/fe25/pranav_bot_ros2_jazzy/install/new_bot/share/new_bot/description/robot.urdf.xacro
[0.208s] -- Up-to-date symlink: /home/fe25/pranav_bot_ros2_jazzy/install/new_bot/share/new_bot/description/robot_core.xacro
[0.209s] -- Up-to-date symlink: /home/fe25/pranav_bot_ros2_jazzy/install/new_bot/share/new_bot/description/ros2_control.xacro
[0.209s] -- Up-to-date symlink: /home/fe25/pranav_bot_ros2_jazzy/install/new_bot/share/new_bot/launch/hardware.launch.py
[0.209s] -- Symlinking: /home/fe25/pranav_bot_ros2_jazzy/install/new_bot/share/new_bot/launch/minimal_hardware_test.launch.py
[0.228s] -- Up-to-date symlink: /home/fe25/pranav_bot_ros2_jazzy/install/new_bot/share/new_bot/launch/robot_state_publisher.launch.py
[0.229s] -- Up-to-date symlink: /home/fe25/pranav_bot_ros2_jazzy/install/new_bot/share/new_bot/scripts/README_RP2040.md
[0.229s] -- Up-to-date symlink: /home/fe25/pranav_bot_ros2_jazzy/install/new_bot/share/new_bot/scripts/debug_ping_test.py
[0.229s] -- Up-to-date symlink: /home/fe25/pranav_bot_ros2_jazzy/install/new_bot/share/new_bot/scripts/diagnose_rp2040.sh
[0.229s] -- Up-to-date symlink: /home/fe25/pranav_bot_ros2_jazzy/install/new_bot/share/new_bot/scripts/improved_test_rp2040.py
[0.230s] -- Up-to-date symlink: /home/fe25/pranav_bot_ros2_jazzy/install/new_bot/share/new_bot/scripts/rp2040_firmware.cpp
[0.230s] -- Up-to-date symlink: /home/fe25/pranav_bot_ros2_jazzy/install/new_bot/share/new_bot/scripts/rp2040_firmware/README.md
[0.230s] -- Up-to-date symlink: /home/fe25/pranav_bot_ros2_jazzy/install/new_bot/share/new_bot/scripts/rp2040_firmware/README_CLEAN.md
[0.230s] -- Up-to-date symlink: /home/fe25/pranav_bot_ros2_jazzy/install/new_bot/share/new_bot/scripts/rp2040_firmware/debug_main.py
[0.230s] -- Up-to-date symlink: /home/fe25/pranav_bot_ros2_jazzy/install/new_bot/share/new_bot/scripts/rp2040_firmware/fixed_main.py
[0.230s] -- Up-to-date symlink: /home/fe25/pranav_bot_ros2_jazzy/install/new_bot/share/new_bot/scripts/rp2040_firmware/main.py
[0.230s] -- Up-to-date symlink: /home/fe25/pranav_bot_ros2_jazzy/install/new_bot/share/new_bot/scripts/rp2040_firmware/serial_main.py
[0.230s] -- Up-to-date symlink: /home/fe25/pranav_bot_ros2_jazzy/install/new_bot/share/new_bot/scripts/rp2040_firmware/simple_main.py
[0.230s] -- Up-to-date symlink: /home/fe25/pranav_bot_ros2_jazzy/install/new_bot/share/new_bot/scripts/rp2040_firmware/simple_test.py
[0.231s] -- Up-to-date symlink: /home/fe25/pranav_bot_ros2_jazzy/install/new_bot/share/new_bot/scripts/rp2040_simulator.py
[0.231s] -- Up-to-date symlink: /home/fe25/pranav_bot_ros2_jazzy/install/new_bot/share/new_bot/scripts/setup.sh
[0.231s] -- Up-to-date symlink: /home/fe25/pranav_bot_ros2_jazzy/install/new_bot/share/new_bot/scripts/setup_rp2040.sh
[0.231s] -- Up-to-date symlink: /home/fe25/pranav_bot_ros2_jazzy/install/new_bot/share/new_bot/scripts/simple_rp2040_test.py
[0.231s] -- Up-to-date symlink: /home/fe25/pranav_bot_ros2_jazzy/install/new_bot/share/new_bot/scripts/test_rp2040.py
[0.231s] -- Up-to-date symlink: /home/fe25/pranav_bot_ros2_jazzy/install/new_bot/share/new_bot/scripts/test_simulator.py
[0.231s] -- Up-to-date symlink: /home/fe25/pranav_bot_ros2_jazzy/install/new_bot/share/new_bot/environment/library_path.sh
[0.232s] -- Up-to-date symlink: /home/fe25/pranav_bot_ros2_jazzy/install/new_bot/share/new_bot/environment/library_path.dsv
[0.232s] -- Up-to-date symlink: /home/fe25/pranav_bot_ros2_jazzy/install/new_bot/share/ament_index/resource_index/package_run_dependencies/new_bot
[0.232s] -- Up-to-date symlink: /home/fe25/pranav_bot_ros2_jazzy/install/new_bot/share/ament_index/resource_index/parent_prefix_path/new_bot
[0.232s] -- Up-to-date symlink: /home/fe25/pranav_bot_ros2_jazzy/install/new_bot/share/new_bot/environment/ament_prefix_path.sh
[0.232s] -- Up-to-date symlink: /home/fe25/pranav_bot_ros2_jazzy/install/new_bot/share/new_bot/environment/ament_prefix_path.dsv
[0.233s] -- Up-to-date symlink: /home/fe25/pranav_bot_ros2_jazzy/install/new_bot/share/new_bot/environment/path.sh
[0.233s] -- Up-to-date symlink: /home/fe25/pranav_bot_ros2_jazzy/install/new_bot/share/new_bot/environment/path.dsv
[0.233s] -- Up-to-date symlink: /home/fe25/pranav_bot_ros2_jazzy/install/new_bot/share/new_bot/local_setup.bash
[0.233s] -- Up-to-date symlink: /home/fe25/pranav_bot_ros2_jazzy/install/new_bot/share/new_bot/local_setup.sh
[0.234s] -- Up-to-date symlink: /home/fe25/pranav_bot_ros2_jazzy/install/new_bot/share/new_bot/local_setup.zsh
[0.234s] -- Up-to-date symlink: /home/fe25/pranav_bot_ros2_jazzy/install/new_bot/share/new_bot/local_setup.dsv
[0.234s] -- Symlinking: /home/fe25/pranav_bot_ros2_jazzy/install/new_bot/share/new_bot/package.dsv
[0.254s] -- Up-to-date symlink: /home/fe25/pranav_bot_ros2_jazzy/install/new_bot/share/ament_index/resource_index/packages/new_bot
[0.254s] -- Up-to-date symlink: /home/fe25/pranav_bot_ros2_jazzy/install/new_bot/share/ament_index/resource_index/hardware_interface__pluginlib__plugin/new_bot
[0.254s] -- Up-to-date symlink: /home/fe25/pranav_bot_ros2_jazzy/install/new_bot/share/new_bot/cmake/ament_cmake_export_targets-extras.cmake
[0.254s] -- Up-to-date symlink: /home/fe25/pranav_bot_ros2_jazzy/install/new_bot/share/new_bot/cmake/ament_cmake_export_dependencies-extras.cmake
[0.254s] -- Up-to-date symlink: /home/fe25/pranav_bot_ros2_jazzy/install/new_bot/share/new_bot/cmake/new_botConfig.cmake
[0.254s] -- Up-to-date symlink: /home/fe25/pranav_bot_ros2_jazzy/install/new_bot/share/new_bot/cmake/new_botConfig-version.cmake
[0.255s] -- Up-to-date symlink: /home/fe25/pranav_bot_ros2_jazzy/install/new_bot/share/new_bot/package.xml
[0.255s] -- Up-to-date: /home/fe25/pranav_bot_ros2_jazzy/install/new_bot/lib/libnew_bot_hardware_interface.so
[0.255s] -- Up-to-date: /home/fe25/pranav_bot_ros2_jazzy/install/new_bot/share/new_bot/cmake/new_bot_hardware_interfaceExport.cmake
[0.256s] -- Up-to-date: /home/fe25/pranav_bot_ros2_jazzy/install/new_bot/share/new_bot/cmake/new_bot_hardware_interfaceExport-noconfig.cmake
[0.259s] Invoked command in '/home/fe25/pranav_bot_ros2_jazzy/build/new_bot' returned '0': CMAKE_PREFIX_PATH=${CMAKE_PREFIX_PATH}:/opt/ros/jazzy DEBUGINFOD_URLS=https://debuginfod.ubuntu.com /usr/bin/cmake --install /home/fe25/pranav_bot_ros2_jazzy/build/new_bot
