[0.016s] Invoking command in '/home/fe25/pranav_bot_ros2_jazzy/build/new_bot': CMAKE_PREFIX_PATH=${CMAKE_PREFIX_PATH}:/opt/ros/jazzy DEBUGINFOD_URLS=https://debuginfod.ubuntu.com /usr/bin/cmake --build /home/fe25/pranav_bot_ros2_jazzy/build/new_bot --clean-first -- -j4 -l4
[0.141s] -- Found ament_cmake: 2.5.4 (/opt/ros/jazzy/share/ament_cmake/cmake)
[0.492s] -- Override CMake install command with custom implementation using symlinks instead of copying resources
[0.503s] -- Found controller_manager: 4.32.0 (/opt/ros/jazzy/share/controller_manager/cmake)
[0.543s] -- Found rosidl_generator_c: 4.6.5 (/opt/ros/jazzy/share/rosidl_generator_c/cmake)
[0.558s] -- Found rosidl_generator_cpp: 4.6.5 (/opt/ros/jazzy/share/rosidl_generator_cpp/cmake)
[0.574s] -- Using all available rosidl_typesupport_c: rosidl_typesupport_fastrtps_c;rosidl_typesupport_introspection_c
[0.593s] -- Using all available rosidl_typesupport_cpp: rosidl_typesupport_fastrtps_cpp;rosidl_typesupport_introspection_cpp
[0.676s] -- Found rmw_implementation_cmake: 7.3.2 (/opt/ros/jazzy/share/rmw_implementation_cmake/cmake)
[0.678s] -- Found rmw_fastrtps_cpp: 8.4.2 (/opt/ros/jazzy/share/rmw_fastrtps_cpp/cmake)
[0.776s] -- Using RMW implementation 'rmw_fastrtps_cpp' as default
[1.278s] -- Found PkgConfig: /usr/bin/pkg-config (found version "1.8.1") 
[1.279s] -- Checking for module 'libserial'
[1.316s] --   Found libserial, version 1.0.0
[1.387s] -- Found ament_lint_auto: 0.17.2 (/opt/ros/jazzy/share/ament_lint_auto/cmake)
[1.550s] -- Added test 'copyright' to check source files copyright and LICENSE
[1.553s] -- Added test 'cppcheck' to perform static code analysis on C / C++ code
[1.553s] -- Configured cppcheck include dirs: $<BUILD_INTERFACE:/home/fe25/pranav_bot_ros2_jazzy/src/new_bot/include>
[1.553s] -- Configured cppcheck exclude dirs and/or files: 
[1.555s] -- Added test 'cpplint' to check C / C++ code against the Google style
[1.555s] -- Configured cpplint exclude dirs and/or files: 
[1.556s] -- Added test 'flake8' to check Python code syntax and style conventions
[1.556s] -- Configured 'flake8' exclude dirs and/or files: 
[1.557s] -- Added test 'lint_cmake' to check CMake code style
[1.557s] -- Added test 'pep257' to check Python code against some of the docstring style conventions in PEP 257
[1.560s] -- Added test 'uncrustify' to check C / C++ code style
[1.560s] -- Configured uncrustify additional arguments: 
[1.560s] -- Added test 'xmllint' to check XML markup files
[1.563s] -- Configuring done (1.4s)
[1.613s] -- Generating done (0.0s)
[1.631s] -- Build files have been written to: /home/fe25/pranav_bot_ros2_jazzy/build/new_bot
[1.712s] [ 50%] [32mBuilding CXX object CMakeFiles/new_bot_hardware_interface.dir/src/rp2040_hardware_interface.cpp.o[0m
[5.654s] In file included from [01m[K/home/fe25/pranav_bot_ros2_jazzy/src/new_bot/src/rp2040_hardware_interface.cpp:1[m[K:
[5.655s] [01m[K/home/fe25/pranav_bot_ros2_jazzy/src/new_bot/include/new_bot/rp2040_hardware_interface.hpp:27:57:[m[K [01;35m[Kwarning: [m[Kextra ‘[01m[K;[m[K’ [[01;35m[K]8;;https://gcc.gnu.org/onlinedocs/gcc/Warning-Options.html#index-Wpedantic-Wpedantic]8;;[m[K]
[5.655s]    27 |   RCLCPP_SHARED_PTR_DEFINITIONS(RP2040HardwareInterface)[01;35m[K;[m[K
[5.655s]       |                                                         [01;35m[K^[m[K
[5.655s]       |                                                         [31m[K-[m[K
[9.748s] [100%] [32m[1mLinking CXX shared library libnew_bot_hardware_interface.so[0m
[10.295s] [100%] Built target new_bot_hardware_interface
[10.319s] Invoked command in '/home/fe25/pranav_bot_ros2_jazzy/build/new_bot' returned '0': CMAKE_PREFIX_PATH=${CMAKE_PREFIX_PATH}:/opt/ros/jazzy DEBUGINFOD_URLS=https://debuginfod.ubuntu.com /usr/bin/cmake --build /home/fe25/pranav_bot_ros2_jazzy/build/new_bot --clean-first -- -j4 -l4
[10.340s] Invoking command in '/home/fe25/pranav_bot_ros2_jazzy/build/new_bot': CMAKE_PREFIX_PATH=${CMAKE_PREFIX_PATH}:/opt/ros/jazzy DEBUGINFOD_URLS=https://debuginfod.ubuntu.com /usr/bin/cmake --install /home/fe25/pranav_bot_ros2_jazzy/build/new_bot
[10.356s] -- Install configuration: ""
[10.357s] -- Execute custom install script
[10.357s] -- Up-to-date symlink: /home/fe25/pranav_bot_ros2_jazzy/install/new_bot/share/new_bot//new_bot_hardware_interface.xml
[10.358s] -- Up-to-date symlink: /home/fe25/pranav_bot_ros2_jazzy/install/new_bot/include/new_bot/rp2040_hardware_interface.hpp
[10.358s] -- Up-to-date symlink: /home/fe25/pranav_bot_ros2_jazzy/install/new_bot/share/new_bot/config/controllers.yaml
[10.358s] -- Up-to-date symlink: /home/fe25/pranav_bot_ros2_jazzy/install/new_bot/share/new_bot/config/robot_view.rviz
[10.359s] -- Up-to-date symlink: /home/fe25/pranav_bot_ros2_jazzy/install/new_bot/share/new_bot/description/inertial_macros.xacro
[10.359s] -- Up-to-date symlink: /home/fe25/pranav_bot_ros2_jazzy/install/new_bot/share/new_bot/description/lidar.xacro
[10.359s] -- Up-to-date symlink: /home/fe25/pranav_bot_ros2_jazzy/install/new_bot/share/new_bot/description/robot.urdf.xacro
[10.359s] -- Up-to-date symlink: /home/fe25/pranav_bot_ros2_jazzy/install/new_bot/share/new_bot/description/robot_core.xacro
[10.359s] -- Up-to-date symlink: /home/fe25/pranav_bot_ros2_jazzy/install/new_bot/share/new_bot/description/ros2_control.xacro
[10.359s] -- Up-to-date symlink: /home/fe25/pranav_bot_ros2_jazzy/install/new_bot/share/new_bot/launch/hardware.launch.py
[10.359s] -- Up-to-date symlink: /home/fe25/pranav_bot_ros2_jazzy/install/new_bot/share/new_bot/launch/robot_state_publisher.launch.py
[10.360s] -- Up-to-date symlink: /home/fe25/pranav_bot_ros2_jazzy/install/new_bot/share/new_bot/scripts/README_RP2040.md
[10.360s] -- Up-to-date symlink: /home/fe25/pranav_bot_ros2_jazzy/install/new_bot/share/new_bot/scripts/diagnose_rp2040.sh
[10.360s] -- Up-to-date symlink: /home/fe25/pranav_bot_ros2_jazzy/install/new_bot/share/new_bot/scripts/improved_test_rp2040.py
[10.360s] -- Up-to-date symlink: /home/fe25/pranav_bot_ros2_jazzy/install/new_bot/share/new_bot/scripts/rp2040_firmware.cpp
[10.360s] -- Up-to-date symlink: /home/fe25/pranav_bot_ros2_jazzy/install/new_bot/share/new_bot/scripts/rp2040_firmware/README.md
[10.361s] -- Up-to-date symlink: /home/fe25/pranav_bot_ros2_jazzy/install/new_bot/share/new_bot/scripts/rp2040_firmware/main.py
[10.361s] -- Up-to-date symlink: /home/fe25/pranav_bot_ros2_jazzy/install/new_bot/share/new_bot/scripts/rp2040_firmware/simple_test.py
[10.361s] -- Up-to-date symlink: /home/fe25/pranav_bot_ros2_jazzy/install/new_bot/share/new_bot/scripts/rp2040_simulator.py
[10.361s] -- Up-to-date symlink: /home/fe25/pranav_bot_ros2_jazzy/install/new_bot/share/new_bot/scripts/setup.sh
[10.361s] -- Up-to-date symlink: /home/fe25/pranav_bot_ros2_jazzy/install/new_bot/share/new_bot/scripts/setup_rp2040.sh
[10.361s] -- Up-to-date symlink: /home/fe25/pranav_bot_ros2_jazzy/install/new_bot/share/new_bot/scripts/test_rp2040.py
[10.361s] -- Up-to-date symlink: /home/fe25/pranav_bot_ros2_jazzy/install/new_bot/share/new_bot/scripts/test_simulator.py
[10.362s] -- Up-to-date symlink: /home/fe25/pranav_bot_ros2_jazzy/install/new_bot/share/new_bot/environment/library_path.sh
[10.362s] -- Up-to-date symlink: /home/fe25/pranav_bot_ros2_jazzy/install/new_bot/share/new_bot/environment/library_path.dsv
[10.362s] -- Up-to-date symlink: /home/fe25/pranav_bot_ros2_jazzy/install/new_bot/share/ament_index/resource_index/package_run_dependencies/new_bot
[10.362s] -- Up-to-date symlink: /home/fe25/pranav_bot_ros2_jazzy/install/new_bot/share/ament_index/resource_index/parent_prefix_path/new_bot
[10.362s] -- Up-to-date symlink: /home/fe25/pranav_bot_ros2_jazzy/install/new_bot/share/new_bot/environment/ament_prefix_path.sh
[10.363s] -- Up-to-date symlink: /home/fe25/pranav_bot_ros2_jazzy/install/new_bot/share/new_bot/environment/ament_prefix_path.dsv
[10.363s] -- Up-to-date symlink: /home/fe25/pranav_bot_ros2_jazzy/install/new_bot/share/new_bot/environment/path.sh
[10.363s] -- Up-to-date symlink: /home/fe25/pranav_bot_ros2_jazzy/install/new_bot/share/new_bot/environment/path.dsv
[10.363s] -- Up-to-date symlink: /home/fe25/pranav_bot_ros2_jazzy/install/new_bot/share/new_bot/local_setup.bash
[10.364s] -- Up-to-date symlink: /home/fe25/pranav_bot_ros2_jazzy/install/new_bot/share/new_bot/local_setup.sh
[10.364s] -- Up-to-date symlink: /home/fe25/pranav_bot_ros2_jazzy/install/new_bot/share/new_bot/local_setup.zsh
[10.364s] -- Up-to-date symlink: /home/fe25/pranav_bot_ros2_jazzy/install/new_bot/share/new_bot/local_setup.dsv
[10.364s] -- Symlinking: /home/fe25/pranav_bot_ros2_jazzy/install/new_bot/share/new_bot/package.dsv
[10.384s] -- Up-to-date symlink: /home/fe25/pranav_bot_ros2_jazzy/install/new_bot/share/ament_index/resource_index/packages/new_bot
[10.384s] -- Up-to-date symlink: /home/fe25/pranav_bot_ros2_jazzy/install/new_bot/share/ament_index/resource_index/hardware_interface__pluginlib__plugin/new_bot
[10.385s] -- Up-to-date symlink: /home/fe25/pranav_bot_ros2_jazzy/install/new_bot/share/new_bot/cmake/ament_cmake_export_targets-extras.cmake
[10.385s] -- Up-to-date symlink: /home/fe25/pranav_bot_ros2_jazzy/install/new_bot/share/new_bot/cmake/ament_cmake_export_dependencies-extras.cmake
[10.385s] -- Up-to-date symlink: /home/fe25/pranav_bot_ros2_jazzy/install/new_bot/share/new_bot/cmake/new_botConfig.cmake
[10.385s] -- Up-to-date symlink: /home/fe25/pranav_bot_ros2_jazzy/install/new_bot/share/new_bot/cmake/new_botConfig-version.cmake
[10.385s] -- Up-to-date symlink: /home/fe25/pranav_bot_ros2_jazzy/install/new_bot/share/new_bot/package.xml
[10.386s] -- Installing: /home/fe25/pranav_bot_ros2_jazzy/install/new_bot/lib/libnew_bot_hardware_interface.so
[10.389s] -- Set non-toolchain portion of runtime path of "/home/fe25/pranav_bot_ros2_jazzy/install/new_bot/lib/libnew_bot_hardware_interface.so" to ""
[10.389s] -- Old export file "/home/fe25/pranav_bot_ros2_jazzy/install/new_bot/share/new_bot/cmake/new_bot_hardware_interfaceExport.cmake" will be replaced.  Removing files [/home/fe25/pranav_bot_ros2_jazzy/install/new_bot/share/new_bot/cmake/new_bot_hardware_interfaceExport-noconfig.cmake].
[10.390s] -- Installing: /home/fe25/pranav_bot_ros2_jazzy/install/new_bot/share/new_bot/cmake/new_bot_hardware_interfaceExport.cmake
[10.390s] -- Installing: /home/fe25/pranav_bot_ros2_jazzy/install/new_bot/share/new_bot/cmake/new_bot_hardware_interfaceExport-noconfig.cmake
[10.394s] Invoked command in '/home/fe25/pranav_bot_ros2_jazzy/build/new_bot' returned '0': CMAKE_PREFIX_PATH=${CMAKE_PREFIX_PATH}:/opt/ros/jazzy DEBUGINFOD_URLS=https://debuginfod.ubuntu.com /usr/bin/cmake --install /home/fe25/pranav_bot_ros2_jazzy/build/new_bot
